{"/Users/backenddevopsdeveloper/Downloads/degen-Stellar-PolyMarket/frontend/src/components/MarketResolutionTracker.tsx": {"path":"/Users/backenddevopsdeveloper/Downloads/degen-Stellar-PolyMarket/frontend/src/components/MarketResolutionTracker.tsx","statementMap":{"0":{"start":{"line":92,"column":0},"end":{"line":92,"column":24}},"1":{"start":{"line":3,"column":0},"end":{"line":3,"column":53}},"2":{"start":{"line":17,"column":31},"end":{"line":38,"column":2}},"3":{"start":{"line":40,"column":53},"end":{"line":45,"column":2}},"4":{"start":{"line":48,"column":2},"end":{"line":48,"column":42}},"5":{"start":{"line":48,"column":15},"end":{"line":48,"column":42}},"6":{"start":{"line":50,"column":17},"end":{"line":50,"column":56}},"7":{"start":{"line":51,"column":2},"end":{"line":51,"column":55}},"8":{"start":{"line":51,"column":28},"end":{"line":51,"column":55}},"9":{"start":{"line":52,"column":2},"end":{"line":52,"column":36}},"10":{"start":{"line":52,"column":19},"end":{"line":52,"column":36}},"11":{"start":{"line":54,"column":23},"end":{"line":54,"column":48}},"12":{"start":{"line":55,"column":15},"end":{"line":55,"column":47}},"13":{"start":{"line":56,"column":16},"end":{"line":56,"column":57}},"14":{"start":{"line":57,"column":18},"end":{"line":57,"column":56}},"15":{"start":{"line":58,"column":18},"end":{"line":58,"column":35}},"16":{"start":{"line":60,"column":2},"end":{"line":60,"column":56}},"17":{"start":{"line":60,"column":16},"end":{"line":60,"column":56}},"18":{"start":{"line":61,"column":2},"end":{"line":61,"column":60}},"19":{"start":{"line":61,"column":17},"end":{"line":61,"column":60}},"20":{"start":{"line":62,"column":2},"end":{"line":62,"column":35}},"21":{"start":{"line":66,"column":2},"end":{"line":66,"column":62}},"22":{"start":{"line":66,"column":31},"end":{"line":66,"column":62}},"23":{"start":{"line":67,"column":2},"end":{"line":67,"column":40}},"24":{"start":{"line":67,"column":23},"end":{"line":67,"column":40}},"25":{"start":{"line":68,"column":2},"end":{"line":68,"column":54}},"26":{"start":{"line":68,"column":36},"end":{"line":68,"column":54}},"27":{"start":{"line":69,"column":2},"end":{"line":69,"column":54}},"28":{"start":{"line":69,"column":36},"end":{"line":69,"column":54}},"29":{"start":{"line":70,"column":2},"end":{"line":70,"column":18}},"30":{"start":{"line":74,"column":2},"end":{"line":77,"column":3}},"31":{"start":{"line":75,"column":4},"end":{"line":75,"column":99}},"32":{"start":{"line":75,"column":83},"end":{"line":75,"column":99}},"33":{"start":{"line":76,"column":4},"end":{"line":76,"column":22}},"34":{"start":{"line":79,"column":23},"end":{"line":79,"column":41}},"35":{"start":{"line":81,"column":4},"end":{"line":85,"column":28}},"36":{"start":{"line":87,"column":2},"end":{"line":87,"column":50}},"37":{"start":{"line":87,"column":32},"end":{"line":87,"column":50}},"38":{"start":{"line":88,"column":2},"end":{"line":88,"column":50}},"39":{"start":{"line":88,"column":34},"end":{"line":88,"column":50}},"40":{"start":{"line":89,"column":2},"end":{"line":89,"column":20}},"41":{"start":{"line":93,"column":16},"end":{"line":93,"column":42}},"42":{"start":{"line":94,"column":24},"end":{"line":94,"column":44}},"43":{"start":{"line":96,"column":4},"end":{"line":100,"column":46}},"44":{"start":{"line":102,"column":2},"end":{"line":105,"column":9}},"45":{"start":{"line":103,"column":18},"end":{"line":103,"column":68}},"46":{"start":{"line":103,"column":43},"end":{"line":103,"column":61}},"47":{"start":{"line":104,"column":4},"end":{"line":104,"column":45}},"48":{"start":{"line":104,"column":17},"end":{"line":104,"column":44}},"49":{"start":{"line":107,"column":31},"end":{"line":111,"column":72}},"50":{"start":{"line":108,"column":18},"end":{"line":108,"column":67}},"51":{"start":{"line":109,"column":4},"end":{"line":109,"column":64}},"52":{"start":{"line":109,"column":47},"end":{"line":109,"column":64}},"53":{"start":{"line":110,"column":4},"end":{"line":110,"column":56}},"54":{"start":{"line":113,"column":29},"end":{"line":115,"column":null}},"55":{"start":{"line":114,"column":10},"end":{"line":114,"column":58}},"56":{"start":{"line":117,"column":27},"end":{"line":119,"column":null}},"57":{"start":{"line":118,"column":10},"end":{"line":118,"column":54}},"58":{"start":{"line":122,"column":2},"end":{"line":253,"column":4}},"59":{"start":{"line":189,"column":29},"end":{"line":189,"column":92}},"60":{"start":{"line":191,"column":12},"end":{"line":195,"column":62}},"61":{"start":{"line":198,"column":12},"end":{"line":198,"column":104}},"62":{"start":{"line":200,"column":10},"end":{"line":215,"column":12}},"63":{"start":{"line":236,"column":14},"end":{"line":237,"column":null}}},"fnMap":{"0":{"name":"formatCountdown","decl":{"start":{"line":47,"column":9},"end":{"line":47,"column":24}},"loc":{"start":{"line":47,"column":58},"end":{"line":63,"column":1}}},"1":{"name":"getResolutionState","decl":{"start":{"line":65,"column":9},"end":{"line":65,"column":27}},"loc":{"start":{"line":65,"column":42},"end":{"line":71,"column":1}}},"2":{"name":"getStepStatus","decl":{"start":{"line":73,"column":9},"end":{"line":73,"column":22}},"loc":{"start":{"line":73,"column":71},"end":{"line":90,"column":1}}},"3":{"name":"MarketResolutionTracker","decl":{"start":{"line":92,"column":24},"end":{"line":92,"column":47}},"loc":{"start":{"line":92,"column":82},"end":{"line":254,"column":1}}},"4":{"name":"(anonymous_4)","decl":{"start":{"line":102,"column":12},"end":{"line":102,"column":15}},"loc":{"start":{"line":102,"column":17},"end":{"line":105,"column":3}}},"5":{"name":"(anonymous_5)","decl":{"start":{"line":103,"column":37},"end":{"line":103,"column":40}},"loc":{"start":{"line":103,"column":43},"end":{"line":103,"column":61}}},"6":{"name":"(anonymous_6)","decl":{"start":{"line":104,"column":11},"end":{"line":104,"column":14}},"loc":{"start":{"line":104,"column":17},"end":{"line":104,"column":44}}},"7":{"name":"(anonymous_7)","decl":{"start":{"line":107,"column":39},"end":{"line":107,"column":42}},"loc":{"start":{"line":107,"column":44},"end":{"line":111,"column":3}}},"8":{"name":"(anonymous_8)","decl":{"start":{"line":114,"column":4},"end":{"line":114,"column":7}},"loc":{"start":{"line":114,"column":10},"end":{"line":114,"column":58}}},"9":{"name":"(anonymous_9)","decl":{"start":{"line":118,"column":4},"end":{"line":118,"column":7}},"loc":{"start":{"line":118,"column":10},"end":{"line":118,"column":54}}},"10":{"name":"(anonymous_10)","decl":{"start":{"line":188,"column":24},"end":{"line":188,"column":25}},"loc":{"start":{"line":188,"column":40},"end":{"line":216,"column":9}}},"11":{"name":"(anonymous_11)","decl":{"start":{"line":235,"column":51},"end":{"line":235,"column":52}},"loc":{"start":{"line":236,"column":14},"end":{"line":237,"column":null}}}},"branchMap":{"0":{"loc":{"start":{"line":48,"column":2},"end":{"line":48,"column":42}},"type":"if","locations":[{"start":{"line":48,"column":2},"end":{"line":48,"column":42}}]},"1":{"loc":{"start":{"line":51,"column":2},"end":{"line":51,"column":55}},"type":"if","locations":[{"start":{"line":51,"column":2},"end":{"line":51,"column":55}}]},"2":{"loc":{"start":{"line":52,"column":2},"end":{"line":52,"column":36}},"type":"if","locations":[{"start":{"line":52,"column":2},"end":{"line":52,"column":36}}]},"3":{"loc":{"start":{"line":60,"column":2},"end":{"line":60,"column":56}},"type":"if","locations":[{"start":{"line":60,"column":2},"end":{"line":60,"column":56}}]},"4":{"loc":{"start":{"line":61,"column":2},"end":{"line":61,"column":60}},"type":"if","locations":[{"start":{"line":61,"column":2},"end":{"line":61,"column":60}}]},"5":{"loc":{"start":{"line":66,"column":2},"end":{"line":66,"column":62}},"type":"if","locations":[{"start":{"line":66,"column":2},"end":{"line":66,"column":62}}]},"6":{"loc":{"start":{"line":67,"column":2},"end":{"line":67,"column":40}},"type":"if","locations":[{"start":{"line":67,"column":2},"end":{"line":67,"column":40}}]},"7":{"loc":{"start":{"line":68,"column":2},"end":{"line":68,"column":54}},"type":"if","locations":[{"start":{"line":68,"column":2},"end":{"line":68,"column":54}}]},"8":{"loc":{"start":{"line":69,"column":2},"end":{"line":69,"column":54}},"type":"if","locations":[{"start":{"line":69,"column":2},"end":{"line":69,"column":54}}]},"9":{"loc":{"start":{"line":74,"column":2},"end":{"line":77,"column":3}},"type":"if","locations":[{"start":{"line":74,"column":2},"end":{"line":77,"column":3}}]},"10":{"loc":{"start":{"line":75,"column":4},"end":{"line":75,"column":99}},"type":"if","locations":[{"start":{"line":75,"column":4},"end":{"line":75,"column":99}}]},"11":{"loc":{"start":{"line":75,"column":8},"end":{"line":75,"column":81}},"type":"binary-expr","locations":[{"start":{"line":75,"column":8},"end":{"line":75,"column":28}},{"start":{"line":75,"column":32},"end":{"line":75,"column":54}},{"start":{"line":75,"column":58},"end":{"line":75,"column":81}}]},"12":{"loc":{"start":{"line":81,"column":4},"end":{"line":85,"column":28}},"type":"cond-expr","locations":[{"start":{"line":82,"column":8},"end":{"line":82,"column":9}},{"start":{"line":83,"column":8},"end":{"line":85,"column":28}}]},"13":{"loc":{"start":{"line":83,"column":8},"end":{"line":85,"column":28}},"type":"cond-expr","locations":[{"start":{"line":84,"column":8},"end":{"line":84,"column":9}},{"start":{"line":85,"column":8},"end":{"line":85,"column":28}}]},"14":{"loc":{"start":{"line":87,"column":2},"end":{"line":87,"column":50}},"type":"if","locations":[{"start":{"line":87,"column":2},"end":{"line":87,"column":50}}]},"15":{"loc":{"start":{"line":88,"column":2},"end":{"line":88,"column":50}},"type":"if","locations":[{"start":{"line":88,"column":2},"end":{"line":88,"column":50}}]},"16":{"loc":{"start":{"line":92,"column":58},"end":{"line":92,"column":73}},"type":"default-arg","locations":[{"start":{"line":92,"column":68},"end":{"line":92,"column":73}}]},"17":{"loc":{"start":{"line":96,"column":4},"end":{"line":100,"column":46}},"type":"binary-expr","locations":[{"start":{"line":96,"column":4},"end":{"line":96,"column":19}},{"start":{"line":97,"column":4},"end":{"line":97,"column":32}},{"start":{"line":98,"column":4},"end":{"line":98,"column":32}},{"start":{"line":99,"column":4},"end":{"line":99,"column":36}},{"start":{"line":100,"column":4},"end":{"line":100,"column":46}}]},"18":{"loc":{"start":{"line":108,"column":18},"end":{"line":108,"column":67}},"type":"binary-expr","locations":[{"start":{"line":108,"column":18},"end":{"line":108,"column":41}},{"start":{"line":108,"column":45},"end":{"line":108,"column":67}}]},"19":{"loc":{"start":{"line":109,"column":4},"end":{"line":109,"column":64}},"type":"if","locations":[{"start":{"line":109,"column":4},"end":{"line":109,"column":64}}]},"20":{"loc":{"start":{"line":109,"column":8},"end":{"line":109,"column":45}},"type":"binary-expr","locations":[{"start":{"line":109,"column":8},"end":{"line":109,"column":22}},{"start":{"line":109,"column":26},"end":{"line":109,"column":45}}]},"21":{"loc":{"start":{"line":110,"column":11},"end":{"line":110,"column":55}},"type":"binary-expr","locations":[{"start":{"line":110,"column":11},"end":{"line":110,"column":33}},{"start":{"line":110,"column":37},"end":{"line":110,"column":55}}]},"22":{"loc":{"start":{"line":141,"column":7},"end":{"line":148,"column":null}},"type":"binary-expr","locations":[{"start":{"line":141,"column":7},"end":{"line":141,"column":25}},{"start":{"line":142,"column":8},"end":{"line":147,"column":null}}]},"23":{"loc":{"start":{"line":151,"column":7},"end":{"line":170,"column":null}},"type":"binary-expr","locations":[{"start":{"line":151,"column":7},"end":{"line":151,"column":27}},{"start":{"line":152,"column":8},"end":{"line":169,"column":null}}]},"24":{"loc":{"start":{"line":173,"column":7},"end":{"line":184,"column":null}},"type":"binary-expr","locations":[{"start":{"line":173,"column":7},"end":{"line":173,"column":27}},{"start":{"line":173,"column":31},"end":{"line":173,"column":62}},{"start":{"line":174,"column":8},"end":{"line":183,"column":null}}]},"25":{"loc":{"start":{"line":187,"column":41},"end":{"line":187,"column":86}},"type":"cond-expr","locations":[{"start":{"line":187,"column":51},"end":{"line":187,"column":61}},{"start":{"line":187,"column":64},"end":{"line":187,"column":86}}]},"26":{"loc":{"start":{"line":189,"column":29},"end":{"line":189,"column":92}},"type":"cond-expr","locations":[{"start":{"line":189,"column":49},"end":{"line":189,"column":79}},{"start":{"line":189,"column":82},"end":{"line":189,"column":92}}]},"27":{"loc":{"start":{"line":191,"column":12},"end":{"line":195,"column":62}},"type":"cond-expr","locations":[{"start":{"line":192,"column":16},"end":{"line":192,"column":66}},{"start":{"line":193,"column":16},"end":{"line":195,"column":62}}]},"28":{"loc":{"start":{"line":193,"column":16},"end":{"line":195,"column":62}},"type":"cond-expr","locations":[{"start":{"line":194,"column":16},"end":{"line":194,"column":60}},{"start":{"line":195,"column":16},"end":{"line":195,"column":62}}]},"29":{"loc":{"start":{"line":198,"column":12},"end":{"line":198,"column":104}},"type":"cond-expr","locations":[{"start":{"line":198,"column":40},"end":{"line":198,"column":54}},{"start":{"line":198,"column":57},"end":{"line":198,"column":104}}]},"30":{"loc":{"start":{"line":206,"column":17},"end":{"line":207,"column":null}},"type":"binary-expr","locations":[{"start":{"line":206,"column":17},"end":{"line":206,"column":46}},{"start":{"line":207,"column":18},"end":{"line":207,"column":112}}]},"31":{"loc":{"start":{"line":225,"column":13},"end":{"line":226,"column":194}},"type":"binary-expr","locations":[{"start":{"line":225,"column":13},"end":{"line":225,"column":36}},{"start":{"line":226,"column":14},"end":{"line":226,"column":194}}]},"32":{"loc":{"start":{"line":235,"column":14},"end":{"line":235,"column":45}},"type":"binary-expr","locations":[{"start":{"line":235,"column":14},"end":{"line":235,"column":39}},{"start":{"line":235,"column":43},"end":{"line":235,"column":45}}]},"33":{"loc":{"start":{"line":246,"column":13},"end":{"line":247,"column":null}},"type":"binary-expr","locations":[{"start":{"line":246,"column":13},"end":{"line":246,"column":59}},{"start":{"line":247,"column":14},"end":{"line":247,"column":92}}]},"34":{"loc":{"start":{"line":246,"column":14},"end":{"line":246,"column":45}},"type":"binary-expr","locations":[{"start":{"line":246,"column":14},"end":{"line":246,"column":39}},{"start":{"line":246,"column":43},"end":{"line":246,"column":45}}]}},"s":{"0":1,"1":1,"2":1,"3":1,"4":6,"5":5,"6":1,"7":1,"8":0,"9":1,"10":0,"11":1,"12":1,"13":1,"14":1,"15":1,"16":1,"17":1,"18":0,"19":0,"20":0,"21":3,"22":3,"23":0,"24":0,"25":0,"26":0,"27":0,"28":0,"29":0,"30":12,"31":4,"32":3,"33":1,"34":8,"35":8,"36":8,"37":4,"38":4,"39":2,"40":2,"41":3,"42":3,"43":3,"44":3,"45":3,"46":0,"47":3,"48":3,"49":3,"50":3,"51":3,"52":0,"53":3,"54":3,"55":3,"56":3,"57":3,"58":3,"59":12,"60":12,"61":12,"62":12,"63":3},"f":{"0":6,"1":3,"2":12,"3":3,"4":3,"5":0,"6":3,"7":3,"8":3,"9":3,"10":12,"11":3},"b":{"0":[5],"1":[0],"2":[0],"3":[1],"4":[0],"5":[3],"6":[0],"7":[0],"8":[0],"9":[4],"10":[3],"11":[4,3,2],"12":[2,6],"13":[2,4],"14":[4],"15":[2],"16":[3],"17":[3,2,2,2,0],"18":[3,0],"19":[0],"20":[3,3],"21":[3,0],"22":[3,0],"23":[3,1],"24":[3,1,0],"25":[0,3],"26":[12,0],"27":[4,8],"28":[5,3],"29":[3,9],"30":[12,9],"31":[3,3],"32":[3,0],"33":[3,0],"34":[3,0]}}
}
