{"/home/mac-5/work/rust/Stellar-PolyMarket/frontend/src/components/ContractErrorBoundary.tsx": {"path":"/home/mac-5/work/rust/Stellar-PolyMarket/frontend/src/components/ContractErrorBoundary.tsx","statementMap":{"0":{"start":{"line":145,"column":0},"end":{"line":145,"column":16}},"1":{"start":{"line":25,"column":0},"end":{"line":25,"column":26}},"2":{"start":{"line":27,"column":0},"end":{"line":27,"column":63}},"3":{"start":{"line":28,"column":0},"end":{"line":28,"column":63}},"4":{"start":{"line":29,"column":0},"end":{"line":29,"column":53}},"5":{"start":{"line":46,"column":4},"end":{"line":46,"column":17}},"6":{"start":{"line":71,"column":2},"end":{"line":74,"column":4}},"7":{"start":{"line":73,"column":4},"end":{"line":73,"column":52}},"8":{"start":{"line":47,"column":4},"end":{"line":47,"column":50}},"9":{"start":{"line":51,"column":4},"end":{"line":51,"column":37}},"10":{"start":{"line":55,"column":43},"end":{"line":55,"column":53}},"11":{"start":{"line":58,"column":4},"end":{"line":62,"column":5}},"12":{"start":{"line":59,"column":6},"end":{"line":61,"column":8}},"13":{"start":{"line":65,"column":4},"end":{"line":68,"column":7}},"14":{"start":{"line":77,"column":32},"end":{"line":77,"column":42}},"15":{"start":{"line":79,"column":4},"end":{"line":79,"column":56}},"16":{"start":{"line":79,"column":29},"end":{"line":79,"column":56}},"17":{"start":{"line":81,"column":49},"end":{"line":81,"column":72}},"18":{"start":{"line":83,"column":4},"end":{"line":134,"column":6}},"19":{"start":{"line":44,"column":0},"end":{"line":44,"column":21}},"20":{"start":{"line":150,"column":31},"end":{"line":153,"column":null}},"21":{"start":{"line":151,"column":4},"end":{"line":152,"column":null}},"22":{"start":{"line":155,"column":2},"end":{"line":155,"column":64}},"23":{"start":{"line":156,"column":2},"end":{"line":156,"column":17}}},"fnMap":{"0":{"name":"(anonymous_1)","decl":{"start":{"line":45,"column":2},"end":{"line":45,"column":14}},"loc":{"start":{"line":45,"column":26},"end":{"line":48,"column":3}}},"1":{"name":"(anonymous_2)","decl":{"start":{"line":71,"column":16},"end":{"line":71,"column":25}},"loc":{"start":{"line":71,"column":27},"end":{"line":74,"column":3}}},"2":{"name":"(anonymous_3)","decl":{"start":{"line":50,"column":2},"end":{"line":50,"column":8}},"loc":{"start":{"line":50,"column":46},"end":{"line":52,"column":3}}},"3":{"name":"(anonymous_4)","decl":{"start":{"line":54,"column":2},"end":{"line":54,"column":19}},"loc":{"start":{"line":54,"column":55},"end":{"line":69,"column":3}}},"4":{"name":"(anonymous_5)","decl":{"start":{"line":76,"column":2},"end":{"line":76,"column":8}},"loc":{"start":{"line":76,"column":8},"end":{"line":135,"column":3}}},"5":{"name":"withContractErrorBoundary","decl":{"start":{"line":145,"column":16},"end":{"line":145,"column":41}},"loc":{"start":{"line":148,"column":15},"end":{"line":157,"column":1}}},"6":{"name":"(anonymous_7)","decl":{"start":{"line":150,"column":31},"end":{"line":150,"column":32}},"loc":{"start":{"line":151,"column":4},"end":{"line":152,"column":null}}}},"branchMap":{"0":{"loc":{"start":{"line":55,"column":12},"end":{"line":55,"column":31}},"type":"default-arg","locations":[{"start":{"line":55,"column":22},"end":{"line":55,"column":31}}]},"1":{"loc":{"start":{"line":58,"column":4},"end":{"line":62,"column":5}},"type":"if","locations":[{"start":{"line":58,"column":4},"end":{"line":62,"column":5}}]},"2":{"loc":{"start":{"line":67,"column":31},"end":{"line":67,"column":63}},"type":"cond-expr","locations":[{"start":{"line":67,"column":50},"end":{"line":67,"column":54}},{"start":{"line":67,"column":54},"end":{"line":67,"column":63}}]},"3":{"loc":{"start":{"line":67,"column":31},"end":{"line":67,"column":54}},"type":"binary-expr","locations":[{"start":{"line":67,"column":31},"end":{"line":67,"column":54}},{"start":{"line":67,"column":50},"end":{"line":67,"column":54}}]},"4":{"loc":{"start":{"line":79,"column":4},"end":{"line":79,"column":56}},"type":"if","locations":[{"start":{"line":79,"column":4},"end":{"line":79,"column":56}}]},"5":{"loc":{"start":{"line":79,"column":8},"end":{"line":79,"column":27}},"type":"binary-expr","locations":[{"start":{"line":79,"column":8},"end":{"line":79,"column":17}},{"start":{"line":79,"column":21},"end":{"line":79,"column":27}}]},"6":{"loc":{"start":{"line":81,"column":28},"end":{"line":81,"column":44}},"type":"default-arg","locations":[{"start":{"line":81,"column":40},"end":{"line":81,"column":44}}]},"7":{"loc":{"start":{"line":124,"column":9},"end":{"line":131,"column":null}},"type":"binary-expr","locations":[{"start":{"line":124,"column":9},"end":{"line":124,"column":18}},{"start":{"line":125,"column":10},"end":{"line":128,"column":null}}]}},"s":{"0":1,"1":1,"2":1,"3":1,"4":1,"5":22,"6":21,"7":0,"8":21,"9":19,"10":9,"11":9,"12":7,"13":9,"14":40,"15":40,"16":21,"17":19,"18":19,"19":1,"20":0,"21":0,"22":0,"23":0},"f":{"0":22,"1":0,"2":19,"3":9,"4":40,"5":0,"6":0},"b":{"0":[3],"1":[7],"2":[9,0],"3":[9,9],"4":[21],"5":[40,19],"6":[17],"7":[19,17]}}
,"/home/mac-5/work/rust/Stellar-PolyMarket/frontend/src/components/CopyButton.tsx": {"path":"/home/mac-5/work/rust/Stellar-PolyMarket/frontend/src/components/CopyButton.tsx","statementMap":{"0":{"start":{"line":69,"column":0},"end":{"line":69,"column":24}},"1":{"start":{"line":3,"column":0},"end":{"line":3,"column":41}},"2":{"start":{"line":63,"column":2},"end":{"line":65,"column":3}},"3":{"start":{"line":64,"column":4},"end":{"line":64,"column":17}},"4":{"start":{"line":66,"column":2},"end":{"line":66,"column":53}},"5":{"start":{"line":77,"column":30},"end":{"line":77,"column":45}},"6":{"start":{"line":80,"column":21},"end":{"line":80,"column":56}},"7":{"start":{"line":99,"column":4},"end":{"line":127,"column":5}},"8":{"start":{"line":101,"column":6},"end":{"line":106,"column":7}},"9":{"start":{"line":102,"column":8},"end":{"line":102,"column":51}},"10":{"start":{"line":105,"column":8},"end":{"line":105,"column":36}},"11":{"start":{"line":109,"column":6},"end":{"line":109,"column":22}},"12":{"start":{"line":112,"column":6},"end":{"line":114,"column":7}},"13":{"start":{"line":113,"column":8},"end":{"line":113,"column":41}},"14":{"start":{"line":117,"column":6},"end":{"line":119,"column":15}},"15":{"start":{"line":118,"column":8},"end":{"line":118,"column":25}},"16":{"start":{"line":122,"column":6},"end":{"line":122,"column":24}},"17":{"start":{"line":125,"column":18},"end":{"line":125,"column":78}},"18":{"start":{"line":126,"column":6},"end":{"line":126,"column":25}},"19":{"start":{"line":145,"column":21},"end":{"line":145,"column":55}},"20":{"start":{"line":146,"column":4},"end":{"line":146,"column":26}},"21":{"start":{"line":148,"column":4},"end":{"line":148,"column":38}},"22":{"start":{"line":149,"column":4},"end":{"line":149,"column":36}},"23":{"start":{"line":150,"column":4},"end":{"line":150,"column":35}},"24":{"start":{"line":151,"column":4},"end":{"line":151,"column":40}},"25":{"start":{"line":154,"column":4},"end":{"line":154,"column":22}},"26":{"start":{"line":155,"column":20},"end":{"line":155,"column":48}},"27":{"start":{"line":158,"column":4},"end":{"line":158,"column":40}},"28":{"start":{"line":160,"column":4},"end":{"line":162,"column":5}},"29":{"start":{"line":161,"column":6},"end":{"line":161,"column":49}},"30":{"start":{"line":170,"column":4},"end":{"line":173,"column":5}},"31":{"start":{"line":171,"column":6},"end":{"line":171,"column":25}},"32":{"start":{"line":172,"column":6},"end":{"line":172,"column":19}},"33":{"start":{"line":176,"column":2},"end":{"line":228,"column":4}}},"fnMap":{"0":{"name":"abbreviateValue","decl":{"start":{"line":62,"column":9},"end":{"line":62,"column":24}},"loc":{"start":{"line":62,"column":38},"end":{"line":67,"column":1}}},"1":{"name":"CopyButton","decl":{"start":{"line":69,"column":24},"end":{"line":69,"column":34}},"loc":{"start":{"line":75,"column":8},"end":{"line":229,"column":1}}},"2":{"name":"handleCopy","decl":{"start":{"line":98,"column":17},"end":{"line":98,"column":27}},"loc":{"start":{"line":98,"column":27},"end":{"line":128,"column":3}}},"3":{"name":"(anonymous_3)","decl":{"start":{"line":117,"column":38},"end":{"line":117,"column":41}},"loc":{"start":{"line":117,"column":43},"end":{"line":119,"column":7}}},"4":{"name":"copyUsingExecCommand","decl":{"start":{"line":144,"column":11},"end":{"line":144,"column":31}},"loc":{"start":{"line":144,"column":44},"end":{"line":163,"column":3}}},"5":{"name":"handleKeyDown","decl":{"start":{"line":169,"column":11},"end":{"line":169,"column":24}},"loc":{"start":{"line":169,"column":47},"end":{"line":174,"column":3}}}},"branchMap":{"0":{"loc":{"start":{"line":63,"column":2},"end":{"line":65,"column":3}},"type":"if","locations":[{"start":{"line":63,"column":2},"end":{"line":65,"column":3}}]},"1":{"loc":{"start":{"line":63,"column":6},"end":{"line":63,"column":33}},"type":"binary-expr","locations":[{"start":{"line":63,"column":6},"end":{"line":63,"column":12}},{"start":{"line":63,"column":16},"end":{"line":63,"column":33}}]},"2":{"loc":{"start":{"line":71,"column":2},"end":{"line":71,"column":29}},"type":"default-arg","locations":[{"start":{"line":71,"column":10},"end":{"line":71,"column":29}}]},"3":{"loc":{"start":{"line":72,"column":2},"end":{"line":72,"column":16}},"type":"default-arg","locations":[{"start":{"line":72,"column":14},"end":{"line":72,"column":16}}]},"4":{"loc":{"start":{"line":101,"column":6},"end":{"line":106,"column":7}},"type":"if","locations":[{"start":{"line":101,"column":6},"end":{"line":106,"column":7}},{"start":{"line":103,"column":13},"end":{"line":106,"column":7}}]},"5":{"loc":{"start":{"line":101,"column":10},"end":{"line":101,"column":62}},"type":"binary-expr","locations":[{"start":{"line":101,"column":10},"end":{"line":101,"column":29}},{"start":{"line":101,"column":33},"end":{"line":101,"column":62}}]},"6":{"loc":{"start":{"line":112,"column":6},"end":{"line":114,"column":7}},"type":"if","locations":[{"start":{"line":112,"column":6},"end":{"line":114,"column":7}}]},"7":{"loc":{"start":{"line":122,"column":6},"end":{"line":122,"column":23}},"type":"cond-expr","locations":[{"start":{"line":122,"column":19},"end":{"line":122,"column":23}},{"start":{"line":122,"column":6},"end":{"line":122,"column":23}}]},"8":{"loc":{"start":{"line":122,"column":6},"end":{"line":122,"column":23}},"type":"binary-expr","locations":[{"start":{"line":122,"column":6},"end":{"line":122,"column":23}},{"start":{"line":122,"column":6},"end":{"line":122,"column":23}}]},"9":{"loc":{"start":{"line":125,"column":18},"end":{"line":125,"column":78}},"type":"cond-expr","locations":[{"start":{"line":125,"column":43},"end":{"line":125,"column":48}},{"start":{"line":125,"column":51},"end":{"line":125,"column":78}}]},"10":{"loc":{"start":{"line":126,"column":6},"end":{"line":126,"column":24}},"type":"cond-expr","locations":[{"start":{"line":126,"column":17},"end":{"line":126,"column":20}},{"start":{"line":126,"column":6},"end":{"line":126,"column":24}}]},"11":{"loc":{"start":{"line":126,"column":6},"end":{"line":126,"column":20}},"type":"binary-expr","locations":[{"start":{"line":126,"column":6},"end":{"line":126,"column":20}},{"start":{"line":126,"column":6},"end":{"line":126,"column":20}}]},"12":{"loc":{"start":{"line":160,"column":4},"end":{"line":162,"column":5}},"type":"if","locations":[{"start":{"line":160,"column":4},"end":{"line":162,"column":5}}]},"13":{"loc":{"start":{"line":170,"column":4},"end":{"line":173,"column":5}},"type":"if","locations":[{"start":{"line":170,"column":4},"end":{"line":173,"column":5}}]},"14":{"loc":{"start":{"line":170,"column":8},"end":{"line":170,"column":42}},"type":"binary-expr","locations":[{"start":{"line":170,"column":8},"end":{"line":170,"column":25}},{"start":{"line":170,"column":29},"end":{"line":170,"column":42}}]},"15":{"loc":{"start":{"line":212,"column":56},"end":{"line":212,"column":92}},"type":"cond-expr","locations":[{"start":{"line":212,"column":65},"end":{"line":212,"column":76}},{"start":{"line":212,"column":79},"end":{"line":212,"column":92}}]},"16":{"loc":{"start":{"line":217,"column":9},"end":{"line":224,"column":null}},"type":"binary-expr","locations":[{"start":{"line":217,"column":9},"end":{"line":217,"column":15}},{"start":{"line":218,"column":10},"end":{"line":221,"column":null}}]}},"s":{"0":1,"1":1,"2":56,"3":3,"4":53,"5":56,"6":56,"7":21,"8":21,"9":18,"10":3,"11":18,"12":18,"13":3,"14":18,"15":1,"16":18,"17":3,"18":3,"19":3,"20":3,"21":3,"22":3,"23":3,"24":3,"25":3,"26":3,"27":3,"28":3,"29":0,"30":3,"31":2,"32":2,"33":56},"f":{"0":56,"1":56,"2":21,"3":1,"4":3,"5":3},"b":{"0":[3],"1":[56,55],"2":[50],"3":[55],"4":[18,3],"5":[21,18],"6":[3],"7":[17,1],"8":[18,18],"9":[2,1],"10":[1,2],"11":[3,3],"12":[0],"13":[2],"14":[3,2],"15":[16,40],"16":[56,16]}}
,"/home/mac-5/work/rust/Stellar-PolyMarket/frontend/src/components/Skeleton.tsx": {"path":"/home/mac-5/work/rust/Stellar-PolyMarket/frontend/src/components/Skeleton.tsx","statementMap":{"0":{"start":{"line":44,"column":0},"end":{"line":44,"column":24}},"1":{"start":{"line":51,"column":2},"end":{"line":63,"column":3}},"2":{"start":{"line":52,"column":4},"end":{"line":62,"column":6}},"3":{"start":{"line":55,"column":10},"end":{"line":56,"column":null}},"4":{"start":{"line":65,"column":2},"end":{"line":65,"column":57}},"5":{"start":{"line":86,"column":13},"end":{"line":109,"column":2}}},"fnMap":{"0":{"name":"Skeleton","decl":{"start":{"line":44,"column":24},"end":{"line":44,"column":32}},"loc":{"start":{"line":49,"column":8},"end":{"line":66,"column":1}}},"1":{"name":"(anonymous_1)","decl":{"start":{"line":54,"column":43},"end":{"line":54,"column":44}},"loc":{"start":{"line":55,"column":10},"end":{"line":56,"column":null}}}},"branchMap":{"0":{"loc":{"start":{"line":45,"column":2},"end":{"line":45,"column":27}},"type":"default-arg","locations":[{"start":{"line":45,"column":14},"end":{"line":45,"column":27}}]},"1":{"loc":{"start":{"line":46,"column":11},"end":{"line":46,"column":26}},"type":"default-arg","locations":[{"start":{"line":46,"column":21},"end":{"line":46,"column":26}}]},"2":{"loc":{"start":{"line":48,"column":2},"end":{"line":48,"column":16}},"type":"default-arg","locations":[{"start":{"line":48,"column":8},"end":{"line":48,"column":16}}]},"3":{"loc":{"start":{"line":51,"column":2},"end":{"line":63,"column":3}},"type":"if","locations":[{"start":{"line":51,"column":2},"end":{"line":63,"column":3}}]},"4":{"loc":{"start":{"line":51,"column":6},"end":{"line":51,"column":24}},"type":"binary-expr","locations":[{"start":{"line":51,"column":6},"end":{"line":51,"column":11}},{"start":{"line":51,"column":15},"end":{"line":51,"column":24}}]},"5":{"loc":{"start":{"line":58,"column":19},"end":{"line":58,"column":68}},"type":"cond-expr","locations":[{"start":{"line":58,"column":35},"end":{"line":58,"column":56}},{"start":{"line":58,"column":59},"end":{"line":58,"column":68}}]}},"s":{"0":1,"1":280,"2":4,"3":10,"4":276,"5":1},"f":{"0":280,"1":10},"b":{"0":[5],"1":[279],"2":[278],"3":[4],"4":[280,4],"5":[6,4]}}
,"/home/mac-5/work/rust/Stellar-PolyMarket/frontend/src/components/VirtualizedOrderBook.tsx": {"path":"/home/mac-5/work/rust/Stellar-PolyMarket/frontend/src/components/VirtualizedOrderBook.tsx","statementMap":{"0":{"start":{"line":64,"column":0},"end":{"line":64,"column":24}},"1":{"start":{"line":25,"column":0},"end":{"line":25,"column":65}},"2":{"start":{"line":26,"column":0},"end":{"line":26,"column":96}},"3":{"start":{"line":27,"column":0},"end":{"line":27,"column":78}},"4":{"start":{"line":30,"column":13},"end":{"line":30,"column":28}},"5":{"start":{"line":33,"column":13},"end":{"line":33,"column":31}},"6":{"start":{"line":36,"column":27},"end":{"line":36,"column":29}},"7":{"start":{"line":57,"column":21},"end":{"line":62,"column":2}},"8":{"start":{"line":71,"column":18},"end":{"line":71,"column":53}},"9":{"start":{"line":73,"column":36},"end":{"line":73,"column":64}},"10":{"start":{"line":74,"column":40},"end":{"line":74,"column":55}},"11":{"start":{"line":75,"column":18},"end":{"line":75,"column":27}},"12":{"start":{"line":78,"column":18},"end":{"line":78,"column":45}},"13":{"start":{"line":81,"column":2},"end":{"line":86,"column":20}},"14":{"start":{"line":82,"column":4},"end":{"line":82,"column":34}},"15":{"start":{"line":83,"column":4},"end":{"line":83,"column":37}},"16":{"start":{"line":85,"column":4},"end":{"line":85,"column":40}},"17":{"start":{"line":92,"column":21},"end":{"line":98,"column":8}},"18":{"start":{"line":93,"column":23},"end":{"line":93,"column":45}},"19":{"start":{"line":94,"column":4},"end":{"line":94,"column":55}},"20":{"start":{"line":95,"column":4},"end":{"line":95,"column":41}},"21":{"start":{"line":97,"column":4},"end":{"line":97,"column":49}},"22":{"start":{"line":104,"column":30},"end":{"line":121,"column":null}},"23":{"start":{"line":106,"column":6},"end":{"line":106,"column":45}},"24":{"start":{"line":106,"column":38},"end":{"line":106,"column":45}},"25":{"start":{"line":107,"column":6},"end":{"line":119,"column":7}},"26":{"start":{"line":108,"column":8},"end":{"line":108,"column":29}},"27":{"start":{"line":109,"column":8},"end":{"line":118,"column":9}},"28":{"start":{"line":110,"column":27},"end":{"line":110,"column":46}},"29":{"start":{"line":111,"column":23},"end":{"line":111,"column":49}},"30":{"start":{"line":112,"column":10},"end":{"line":115,"column":11}},"31":{"start":{"line":113,"column":12},"end":{"line":113,"column":39}},"32":{"start":{"line":114,"column":12},"end":{"line":114,"column":29}},"33":{"start":{"line":117,"column":10},"end":{"line":117,"column":32}},"34":{"start":{"line":125,"column":14},"end":{"line":163,"column":null}},"35":{"start":{"line":127,"column":18},"end":{"line":127,"column":40}},"36":{"start":{"line":128,"column":6},"end":{"line":128,"column":28}},"37":{"start":{"line":128,"column":16},"end":{"line":128,"column":28}},"38":{"start":{"line":130,"column":26},"end":{"line":130,"column":100}},"39":{"start":{"line":131,"column":25},"end":{"line":131,"column":78}},"40":{"start":{"line":133,"column":6},"end":{"line":160,"column":8}},"41":{"start":{"line":166,"column":2},"end":{"line":175,"column":3}},"42":{"start":{"line":167,"column":4},"end":{"line":174,"column":6}},"43":{"start":{"line":177,"column":2},"end":{"line":214,"column":4}}},"fnMap":{"0":{"name":"VirtualizedOrderBook","decl":{"start":{"line":64,"column":24},"end":{"line":64,"column":44}},"loc":{"start":{"line":69,"column":8},"end":{"line":215,"column":1}}},"1":{"name":"(anonymous_1)","decl":{"start":{"line":81,"column":12},"end":{"line":81,"column":15}},"loc":{"start":{"line":81,"column":17},"end":{"line":86,"column":3}}},"2":{"name":"(anonymous_2)","decl":{"start":{"line":92,"column":33},"end":{"line":92,"column":34}},"loc":{"start":{"line":92,"column":61},"end":{"line":98,"column":3}}},"3":{"name":"(anonymous_3)","decl":{"start":{"line":105,"column":4},"end":{"line":105,"column":9}},"loc":{"start":{"line":105,"column":61},"end":{"line":120,"column":5}}},"4":{"name":"(anonymous_4)","decl":{"start":{"line":126,"column":4},"end":{"line":126,"column":5}},"loc":{"start":{"line":126,"column":50},"end":{"line":161,"column":5}}}},"branchMap":{"0":{"loc":{"start":{"line":67,"column":2},"end":{"line":67,"column":18}},"type":"default-arg","locations":[{"start":{"line":67,"column":16},"end":{"line":67,"column":18}}]},"1":{"loc":{"start":{"line":85,"column":4},"end":{"line":85,"column":39}},"type":"cond-expr","locations":[{"start":{"line":85,"column":19},"end":{"line":85,"column":21}},{"start":{"line":85,"column":19},"end":{"line":85,"column":39}}]},"2":{"loc":{"start":{"line":85,"column":4},"end":{"line":85,"column":21}},"type":"binary-expr","locations":[{"start":{"line":85,"column":4},"end":{"line":85,"column":21}},{"start":{"line":85,"column":19},"end":{"line":85,"column":21}}]},"3":{"loc":{"start":{"line":97,"column":4},"end":{"line":97,"column":48}},"type":"cond-expr","locations":[{"start":{"line":97,"column":19},"end":{"line":97,"column":21}},{"start":{"line":97,"column":19},"end":{"line":97,"column":48}}]},"4":{"loc":{"start":{"line":97,"column":4},"end":{"line":97,"column":21}},"type":"binary-expr","locations":[{"start":{"line":97,"column":4},"end":{"line":97,"column":21}},{"start":{"line":97,"column":19},"end":{"line":97,"column":21}}]},"5":{"loc":{"start":{"line":106,"column":6},"end":{"line":106,"column":45}},"type":"if","locations":[{"start":{"line":106,"column":6},"end":{"line":106,"column":45}}]},"6":{"loc":{"start":{"line":106,"column":10},"end":{"line":106,"column":36}},"type":"binary-expr","locations":[{"start":{"line":106,"column":10},"end":{"line":106,"column":21}},{"start":{"line":106,"column":25},"end":{"line":106,"column":36}}]},"7":{"loc":{"start":{"line":107,"column":6},"end":{"line":119,"column":7}},"type":"if","locations":[{"start":{"line":107,"column":6},"end":{"line":119,"column":7}}]},"8":{"loc":{"start":{"line":112,"column":10},"end":{"line":115,"column":11}},"type":"if","locations":[{"start":{"line":112,"column":10},"end":{"line":115,"column":11}}]},"9":{"loc":{"start":{"line":128,"column":6},"end":{"line":128,"column":28}},"type":"if","locations":[{"start":{"line":128,"column":6},"end":{"line":128,"column":28}}]},"10":{"loc":{"start":{"line":130,"column":26},"end":{"line":130,"column":100}},"type":"binary-expr","locations":[{"start":{"line":130,"column":26},"end":{"line":130,"column":42}},{"start":{"line":130,"column":46},"end":{"line":130,"column":73}},{"start":{"line":130,"column":77},"end":{"line":130,"column":100}}]},"11":{"loc":{"start":{"line":166,"column":2},"end":{"line":175,"column":3}},"type":"if","locations":[{"start":{"line":166,"column":2},"end":{"line":175,"column":3}}]},"12":{"loc":{"start":{"line":205,"column":7},"end":{"line":211,"column":null}},"type":"binary-expr","locations":[{"start":{"line":205,"column":7},"end":{"line":205,"column":18}},{"start":{"line":206,"column":8},"end":{"line":208,"column":null}}]}},"s":{"0":1,"1":1,"2":1,"3":1,"4":1,"5":1,"6":1,"7":1,"8":83,"9":83,"10":83,"11":83,"12":83,"13":83,"14":19,"15":19,"16":19,"17":83,"18":30,"19":30,"20":30,"21":30,"22":83,"23":46,"24":12,"25":34,"26":32,"27":32,"28":32,"29":32,"30":32,"31":30,"32":30,"33":32,"34":83,"35":1323,"36":1323,"37":0,"38":1323,"39":1323,"40":1323,"41":83,"42":3,"43":80},"f":{"0":83,"1":19,"2":30,"3":46,"4":1323},"b":{"0":[2],"1":[19,0],"2":[19,0],"3":[30,0],"4":[30,0],"5":[12],"6":[46,34],"7":[32],"8":[30],"9":[0],"10":[1323,1,0],"11":[3],"12":[80,32]}}
,"/home/mac-5/work/rust/Stellar-PolyMarket/frontend/src/components/WhatIfSimulator.tsx": {"path":"/home/mac-5/work/rust/Stellar-PolyMarket/frontend/src/components/WhatIfSimulator.tsx","statementMap":{"0":{"start":{"line":25,"column":0},"end":{"line":25,"column":24}},"1":{"start":{"line":2,"column":0},"end":{"line":2,"column":52}},"2":{"start":{"line":3,"column":0},"end":{"line":3,"column":null}},"3":{"start":{"line":12,"column":0},"end":{"line":12,"column":60}},"4":{"start":{"line":23,"column":20},"end":{"line":23,"column":23}},"5":{"start":{"line":26,"column":26},"end":{"line":26,"column":41}},"6":{"start":{"line":27,"column":28},"end":{"line":27,"column":40}},"7":{"start":{"line":28,"column":30},"end":{"line":29,"column":null}},"8":{"start":{"line":29,"column":4},"end":{"line":29,"column":53}},"9":{"start":{"line":31,"column":22},"end":{"line":31,"column":72}},"10":{"start":{"line":33,"column":20},"end":{"line":33,"column":61}},"11":{"start":{"line":36,"column":2},"end":{"line":44,"column":41}},"12":{"start":{"line":37,"column":4},"end":{"line":37,"column":63}},"13":{"start":{"line":37,"column":29},"end":{"line":37,"column":63}},"14":{"start":{"line":38,"column":4},"end":{"line":40,"column":20}},"15":{"start":{"line":39,"column":6},"end":{"line":39,"column":70}},"16":{"start":{"line":41,"column":4},"end":{"line":43,"column":6}},"17":{"start":{"line":42,"column":6},"end":{"line":42,"column":65}},"18":{"start":{"line":42,"column":31},"end":{"line":42,"column":65}},"19":{"start":{"line":46,"column":20},"end":{"line":49,"column":4}},"20":{"start":{"line":51,"column":25},"end":{"line":51,"column":52}},"21":{"start":{"line":53,"column":2},"end":{"line":172,"column":4}},"22":{"start":{"line":61,"column":23},"end":{"line":61,"column":41}},"23":{"start":{"line":61,"column":38},"end":{"line":61,"column":40}},"24":{"start":{"line":100,"column":31},"end":{"line":100,"column":63}},"25":{"start":{"line":112,"column":26},"end":{"line":112,"column":82}},"26":{"start":{"line":113,"column":16},"end":{"line":113,"column":43}},"27":{"start":{"line":155,"column":44},"end":{"line":155,"column":67}},"28":{"start":{"line":159,"column":20},"end":{"line":159,"column":34}}},"fnMap":{"0":{"name":"WhatIfSimulator","decl":{"start":{"line":25,"column":24},"end":{"line":25,"column":39}},"loc":{"start":{"line":25,"column":86},"end":{"line":173,"column":1}}},"1":{"name":"(anonymous_1)","decl":{"start":{"line":28,"column":39},"end":{"line":28,"column":42}},"loc":{"start":{"line":29,"column":4},"end":{"line":29,"column":53}}},"2":{"name":"(anonymous_2)","decl":{"start":{"line":36,"column":12},"end":{"line":36,"column":15}},"loc":{"start":{"line":36,"column":17},"end":{"line":44,"column":3}}},"3":{"name":"(anonymous_3)","decl":{"start":{"line":38,"column":37},"end":{"line":38,"column":40}},"loc":{"start":{"line":38,"column":42},"end":{"line":40,"column":5}}},"4":{"name":"(anonymous_4)","decl":{"start":{"line":41,"column":11},"end":{"line":41,"column":14}},"loc":{"start":{"line":41,"column":16},"end":{"line":43,"column":5}}},"5":{"name":"(anonymous_5)","decl":{"start":{"line":61,"column":17},"end":{"line":61,"column":20}},"loc":{"start":{"line":61,"column":23},"end":{"line":61,"column":41}}},"6":{"name":"(anonymous_6)","decl":{"start":{"line":61,"column":31},"end":{"line":61,"column":32}},"loc":{"start":{"line":61,"column":38},"end":{"line":61,"column":40}}},"7":{"name":"(anonymous_7)","decl":{"start":{"line":100,"column":24},"end":{"line":100,"column":25}},"loc":{"start":{"line":100,"column":31},"end":{"line":100,"column":63}}},"8":{"name":"(anonymous_8)","decl":{"start":{"line":111,"column":24},"end":{"line":111,"column":25}},"loc":{"start":{"line":111,"column":30},"end":{"line":114,"column":15}}},"9":{"name":"(anonymous_9)","decl":{"start":{"line":155,"column":29},"end":{"line":155,"column":30}},"loc":{"start":{"line":155,"column":44},"end":{"line":155,"column":67}}},"10":{"name":"(anonymous_10)","decl":{"start":{"line":158,"column":33},"end":{"line":158,"column":34}},"loc":{"start":{"line":159,"column":20},"end":{"line":159,"column":34}}}},"branchMap":{"0":{"loc":{"start":{"line":33,"column":20},"end":{"line":33,"column":61}},"type":"cond-expr","locations":[{"start":{"line":33,"column":20},"end":{"line":33,"column":28}},{"start":{"line":33,"column":32},"end":{"line":33,"column":61}}]},"1":{"loc":{"start":{"line":33,"column":20},"end":{"line":33,"column":32}},"type":"binary-expr","locations":[{"start":{"line":33,"column":20},"end":{"line":33,"column":32}},{"start":{"line":33,"column":20},"end":{"line":33,"column":32}}]},"2":{"loc":{"start":{"line":37,"column":4},"end":{"line":37,"column":63}},"type":"if","locations":[{"start":{"line":37,"column":4},"end":{"line":37,"column":63}}]},"3":{"loc":{"start":{"line":42,"column":6},"end":{"line":42,"column":65}},"type":"if","locations":[{"start":{"line":42,"column":6},"end":{"line":42,"column":65}}]},"4":{"loc":{"start":{"line":68,"column":66},"end":{"line":68,"column":90}},"type":"cond-expr","locations":[{"start":{"line":68,"column":73},"end":{"line":68,"column":85}},{"start":{"line":68,"column":88},"end":{"line":68,"column":90}}]},"5":{"loc":{"start":{"line":83,"column":10},"end":{"line":83,"column":null}},"type":"cond-expr","locations":[{"start":{"line":83,"column":17},"end":{"line":83,"column":44}},{"start":{"line":83,"column":47},"end":{"line":83,"column":null}}]},"6":{"loc":{"start":{"line":113,"column":25},"end":{"line":113,"column":41}},"type":"cond-expr","locations":[{"start":{"line":113,"column":36},"end":{"line":113,"column":37}},{"start":{"line":113,"column":40},"end":{"line":113,"column":41}}]},"7":{"loc":{"start":{"line":137,"column":51},"end":{"line":137,"column":101}},"type":"cond-expr","locations":[{"start":{"line":137,"column":68},"end":{"line":137,"column":84}},{"start":{"line":137,"column":87},"end":{"line":137,"column":101}}]},"8":{"loc":{"start":{"line":140,"column":17},"end":{"line":140,"column":42}},"type":"cond-expr","locations":[{"start":{"line":140,"column":34},"end":{"line":140,"column":37}},{"start":{"line":140,"column":40},"end":{"line":140,"column":42}}]}},"s":{"0":1,"1":1,"2":1,"3":1,"4":1,"5":33,"6":33,"7":33,"8":15,"9":33,"10":33,"11":33,"12":19,"13":4,"14":19,"15":1,"16":19,"17":19,"18":19,"19":33,"20":33,"21":33,"22":13,"23":13,"24":2,"25":2,"26":2,"27":0,"28":66},"f":{"0":33,"1":15,"2":19,"3":1,"4":19,"5":13,"6":13,"7":2,"8":2,"9":0,"10":66},"b":{"0":[2,31],"1":[33,33],"2":[4],"3":[19],"4":[17,16],"5":[17,16],"6":[0,2],"7":[33,0],"8":[33,0]}}
,"/home/mac-5/work/rust/Stellar-PolyMarket/frontend/src/components/mobile/BottomNavBar.tsx": {"path":"/home/mac-5/work/rust/Stellar-PolyMarket/frontend/src/components/mobile/BottomNavBar.tsx","statementMap":{"0":{"start":{"line":49,"column":0},"end":{"line":49,"column":24}},"1":{"start":{"line":10,"column":69},"end":{"line":47,"column":2}},"2":{"start":{"line":50,"column":2},"end":{"line":84,"column":4}},"3":{"start":{"line":59,"column":27},"end":{"line":59,"column":47}},"4":{"start":{"line":60,"column":10},"end":{"line":80,"column":12}},"5":{"start":{"line":64,"column":29},"end":{"line":64,"column":48}}},"fnMap":{"0":{"name":"BottomNavBar","decl":{"start":{"line":49,"column":24},"end":{"line":49,"column":36}},"loc":{"start":{"line":49,"column":70},"end":{"line":85,"column":1}}},"1":{"name":"(anonymous_1)","decl":{"start":{"line":58,"column":18},"end":{"line":58,"column":19}},"loc":{"start":{"line":58,"column":26},"end":{"line":81,"column":9}}},"2":{"name":"(anonymous_2)","decl":{"start":{"line":64,"column":23},"end":{"line":64,"column":26}},"loc":{"start":{"line":64,"column":29},"end":{"line":64,"column":48}}}},"branchMap":{"0":{"loc":{"start":{"line":66,"column":28},"end":{"line":66,"column":57}},"type":"cond-expr","locations":[{"start":{"line":66,"column":39},"end":{"line":66,"column":45}},{"start":{"line":66,"column":48},"end":{"line":66,"column":57}}]},"1":{"loc":{"start":{"line":68,"column":18},"end":{"line":68,"column":82}},"type":"cond-expr","locations":[{"start":{"line":68,"column":29},"end":{"line":68,"column":44}},{"start":{"line":68,"column":47},"end":{"line":68,"column":82}}]},"2":{"loc":{"start":{"line":71,"column":15},"end":{"line":75,"column":null}},"type":"binary-expr","locations":[{"start":{"line":71,"column":15},"end":{"line":71,"column":23}},{"start":{"line":72,"column":16},"end":{"line":74,"column":null}}]}},"s":{"0":1,"1":1,"2":105,"3":420,"4":420,"5":1},"f":{"0":105,"1":420,"2":1},"b":{"0":[105,315],"1":[105,315],"2":[420,105]}}
,"/home/mac-5/work/rust/Stellar-PolyMarket/frontend/src/components/mobile/FloatingBetButton.tsx": {"path":"/home/mac-5/work/rust/Stellar-PolyMarket/frontend/src/components/mobile/FloatingBetButton.tsx","statementMap":{"0":{"start":{"line":19,"column":0},"end":{"line":19,"column":24}},"1":{"start":{"line":20,"column":21},"end":{"line":20,"column":42}},"2":{"start":{"line":22,"column":2},"end":{"line":41,"column":4}}},"fnMap":{"0":{"name":"FloatingBetButton","decl":{"start":{"line":19,"column":24},"end":{"line":19,"column":41}},"loc":{"start":{"line":19,"column":86},"end":{"line":42,"column":1}}}},"branchMap":{"0":{"loc":{"start":{"line":31,"column":10},"end":{"line":31,"column":93}},"type":"cond-expr","locations":[{"start":{"line":31,"column":23},"end":{"line":31,"column":55}},{"start":{"line":31,"column":58},"end":{"line":31,"column":93}}]},"1":{"loc":{"start":{"line":32,"column":10},"end":{"line":32,"column":59}},"type":"cond-expr","locations":[{"start":{"line":32,"column":23},"end":{"line":32,"column":54}},{"start":{"line":32,"column":57},"end":{"line":32,"column":59}}]}},"s":{"0":1,"1":204,"2":204},"f":{"0":204},"b":{"0":[116,88],"1":[151,53]}}
,"/home/mac-5/work/rust/Stellar-PolyMarket/frontend/src/components/mobile/PullToRefresh.tsx": {"path":"/home/mac-5/work/rust/Stellar-PolyMarket/frontend/src/components/mobile/PullToRefresh.tsx","statementMap":{"0":{"start":{"line":37,"column":0},"end":{"line":37,"column":24}},"1":{"start":{"line":2,"column":0},"end":{"line":2,"column":41}},"2":{"start":{"line":15,"column":26},"end":{"line":15,"column":28}},"3":{"start":{"line":17,"column":9},"end":{"line":17,"column":26}},"4":{"start":{"line":39,"column":42},"end":{"line":39,"column":53}},"5":{"start":{"line":42,"column":42},"end":{"line":42,"column":57}},"6":{"start":{"line":46,"column":26},"end":{"line":46,"column":39}},"7":{"start":{"line":50,"column":22},"end":{"line":50,"column":31}},"8":{"start":{"line":53,"column":23},"end":{"line":53,"column":51}},"9":{"start":{"line":64,"column":22},"end":{"line":64,"column":58}},"10":{"start":{"line":66,"column":4},"end":{"line":73,"column":5}},"11":{"start":{"line":68,"column":6},"end":{"line":68,"column":49}},"12":{"start":{"line":72,"column":6},"end":{"line":72,"column":31}},"13":{"start":{"line":89,"column":4},"end":{"line":89,"column":67}},"14":{"start":{"line":89,"column":60},"end":{"line":89,"column":67}},"15":{"start":{"line":92,"column":18},"end":{"line":92,"column":60}},"16":{"start":{"line":96,"column":4},"end":{"line":101,"column":5}},"17":{"start":{"line":100,"column":6},"end":{"line":100,"column":70}},"18":{"start":{"line":115,"column":4},"end":{"line":115,"column":67}},"19":{"start":{"line":115,"column":60},"end":{"line":115,"column":67}},"20":{"start":{"line":118,"column":4},"end":{"line":141,"column":5}},"21":{"start":{"line":120,"column":6},"end":{"line":120,"column":37}},"22":{"start":{"line":123,"column":6},"end":{"line":123,"column":28}},"23":{"start":{"line":127,"column":6},"end":{"line":127,"column":41}},"24":{"start":{"line":129,"column":6},"end":{"line":137,"column":7}},"25":{"start":{"line":131,"column":8},"end":{"line":131,"column":26}},"26":{"start":{"line":134,"column":8},"end":{"line":134,"column":40}},"27":{"start":{"line":135,"column":8},"end":{"line":135,"column":31}},"28":{"start":{"line":136,"column":8},"end":{"line":136,"column":27}},"29":{"start":{"line":140,"column":6},"end":{"line":140,"column":25}},"30":{"start":{"line":145,"column":22},"end":{"line":145,"column":54}},"31":{"start":{"line":147,"column":2},"end":{"line":213,"column":4}}},"fnMap":{"0":{"name":"PullToRefresh","decl":{"start":{"line":37,"column":24},"end":{"line":37,"column":37}},"loc":{"start":{"line":37,"column":68},"end":{"line":214,"column":1}}},"1":{"name":"handleTouchStart","decl":{"start":{"line":62,"column":11},"end":{"line":62,"column":27}},"loc":{"start":{"line":62,"column":47},"end":{"line":74,"column":3}}},"2":{"name":"handleTouchMove","decl":{"start":{"line":87,"column":11},"end":{"line":87,"column":26}},"loc":{"start":{"line":87,"column":46},"end":{"line":102,"column":3}}},"3":{"name":"handleTouchEnd","decl":{"start":{"line":113,"column":17},"end":{"line":113,"column":31}},"loc":{"start":{"line":113,"column":31},"end":{"line":142,"column":3}}}},"branchMap":{"0":{"loc":{"start":{"line":64,"column":22},"end":{"line":64,"column":58}},"type":"cond-expr","locations":[{"start":{"line":64,"column":53},"end":{"line":64,"column":57}},{"start":{"line":64,"column":57},"end":{"line":64,"column":58}}]},"1":{"loc":{"start":{"line":64,"column":22},"end":{"line":64,"column":57}},"type":"binary-expr","locations":[{"start":{"line":64,"column":22},"end":{"line":64,"column":57}},{"start":{"line":64,"column":53},"end":{"line":64,"column":57}}]},"2":{"loc":{"start":{"line":64,"column":22},"end":{"line":64,"column":53}},"type":"cond-expr","locations":[{"start":{"line":64,"column":42},"end":{"line":64,"column":44}},{"start":{"line":64,"column":42},"end":{"line":64,"column":53}}]},"3":{"loc":{"start":{"line":64,"column":22},"end":{"line":64,"column":44}},"type":"binary-expr","locations":[{"start":{"line":64,"column":22},"end":{"line":64,"column":44}},{"start":{"line":64,"column":42},"end":{"line":64,"column":44}}]},"4":{"loc":{"start":{"line":66,"column":4},"end":{"line":73,"column":5}},"type":"if","locations":[{"start":{"line":66,"column":4},"end":{"line":73,"column":5}},{"start":{"line":69,"column":11},"end":{"line":73,"column":5}}]},"5":{"loc":{"start":{"line":89,"column":4},"end":{"line":89,"column":67}},"type":"if","locations":[{"start":{"line":89,"column":4},"end":{"line":89,"column":67}}]},"6":{"loc":{"start":{"line":89,"column":8},"end":{"line":89,"column":58}},"type":"binary-expr","locations":[{"start":{"line":89,"column":8},"end":{"line":89,"column":31}},{"start":{"line":89,"column":35},"end":{"line":89,"column":58}}]},"7":{"loc":{"start":{"line":96,"column":4},"end":{"line":101,"column":5}},"type":"if","locations":[{"start":{"line":96,"column":4},"end":{"line":101,"column":5}}]},"8":{"loc":{"start":{"line":115,"column":4},"end":{"line":115,"column":67}},"type":"if","locations":[{"start":{"line":115,"column":4},"end":{"line":115,"column":67}}]},"9":{"loc":{"start":{"line":115,"column":8},"end":{"line":115,"column":58}},"type":"binary-expr","locations":[{"start":{"line":115,"column":8},"end":{"line":115,"column":31}},{"start":{"line":115,"column":35},"end":{"line":115,"column":58}}]},"10":{"loc":{"start":{"line":118,"column":4},"end":{"line":141,"column":5}},"type":"if","locations":[{"start":{"line":118,"column":4},"end":{"line":141,"column":5}},{"start":{"line":138,"column":11},"end":{"line":141,"column":5}}]},"11":{"loc":{"start":{"line":145,"column":22},"end":{"line":145,"column":54}},"type":"binary-expr","locations":[{"start":{"line":145,"column":22},"end":{"line":145,"column":38}},{"start":{"line":145,"column":42},"end":{"line":145,"column":54}}]},"12":{"loc":{"start":{"line":173,"column":25},"end":{"line":173,"column":95}},"type":"cond-expr","locations":[{"start":{"line":173,"column":39},"end":{"line":173,"column":87}},{"start":{"line":173,"column":90},"end":{"line":173,"column":95}}]},"13":{"loc":{"start":{"line":182,"column":14},"end":{"line":182,"column":48}},"type":"cond-expr","locations":[{"start":{"line":182,"column":29},"end":{"line":182,"column":43}},{"start":{"line":182,"column":46},"end":{"line":182,"column":48}}]},"14":{"loc":{"start":{"line":186,"column":23},"end":{"line":188,"column":72}},"type":"cond-expr","locations":[{"start":{"line":187,"column":16},"end":{"line":187,"column":25}},{"start":{"line":188,"column":16},"end":{"line":188,"column":72}}]},"15":{"loc":{"start":{"line":204,"column":35},"end":{"line":204,"column":94}},"type":"cond-expr","locations":[{"start":{"line":204,"column":49},"end":{"line":204,"column":90}},{"start":{"line":204,"column":93},"end":{"line":204,"column":94}}]},"16":{"loc":{"start":{"line":207,"column":22},"end":{"line":207,"column":67}},"type":"cond-expr","locations":[{"start":{"line":207,"column":37},"end":{"line":207,"column":43}},{"start":{"line":207,"column":46},"end":{"line":207,"column":67}}]}},"s":{"0":1,"1":1,"2":1,"3":1,"4":146,"5":146,"6":146,"7":146,"8":146,"9":40,"10":40,"11":39,"12":1,"13":40,"14":2,"15":38,"16":38,"17":37,"18":38,"19":2,"20":36,"21":34,"22":34,"23":34,"24":34,"25":34,"26":34,"27":34,"28":34,"29":2,"30":146,"31":146},"f":{"0":146,"1":40,"2":40,"3":38},"b":{"0":[40,0],"1":[40,40],"2":[0,40],"3":[40,40],"4":[39,1],"5":[2],"6":[40,39],"7":[37],"8":[2],"9":[38,37],"10":[34,2],"11":[146,75],"12":[71,75],"13":[34,112],"14":[34,112],"15":[71,75],"16":[34,112]}}
,"/home/mac-5/work/rust/Stellar-PolyMarket/frontend/src/components/skeletons/ActivityFeedSkeleton.tsx": {"path":"/home/mac-5/work/rust/Stellar-PolyMarket/frontend/src/components/skeletons/ActivityFeedSkeleton.tsx","statementMap":{"0":{"start":{"line":28,"column":0},"end":{"line":28,"column":24}},"1":{"start":{"line":3,"column":0},"end":{"line":3,"column":35}},"2":{"start":{"line":29,"column":2},"end":{"line":61,"column":4}},"3":{"start":{"line":42,"column":10},"end":{"line":42,"column":22}}},"fnMap":{"0":{"name":"ActivityFeedSkeleton","decl":{"start":{"line":28,"column":24},"end":{"line":28,"column":44}},"loc":{"start":{"line":28,"column":65},"end":{"line":62,"column":1}}},"1":{"name":"(anonymous_2)","decl":{"start":{"line":41,"column":43},"end":{"line":41,"column":44}},"loc":{"start":{"line":42,"column":10},"end":{"line":42,"column":22}}}},"branchMap":{"0":{"loc":{"start":{"line":28,"column":47},"end":{"line":28,"column":56}},"type":"default-arg","locations":[{"start":{"line":28,"column":55},"end":{"line":28,"column":56}}]}},"s":{"0":1,"1":1,"2":7,"3":17},"f":{"0":7,"1":17},"b":{"0":[1]}}
,"/home/mac-5/work/rust/Stellar-PolyMarket/frontend/src/components/skeletons/MarketCardSkeleton.tsx": {"path":"/home/mac-5/work/rust/Stellar-PolyMarket/frontend/src/components/skeletons/MarketCardSkeleton.tsx","statementMap":{"0":{"start":{"line":19,"column":0},"end":{"line":19,"column":24}},"1":{"start":{"line":3,"column":0},"end":{"line":3,"column":35}},"2":{"start":{"line":20,"column":2},"end":{"line":55,"column":4}}},"fnMap":{"0":{"name":"MarketCardSkeleton","decl":{"start":{"line":19,"column":24},"end":{"line":19,"column":42}},"loc":{"start":{"line":19,"column":42},"end":{"line":56,"column":1}}}},"branchMap":{},"s":{"0":1,"1":1,"2":6},"f":{"0":6},"b":{}}
,"/home/mac-5/work/rust/Stellar-PolyMarket/frontend/src/components/skeletons/MetricsSkeletons.tsx": {"path":"/home/mac-5/work/rust/Stellar-PolyMarket/frontend/src/components/skeletons/MetricsSkeletons.tsx","statementMap":{"0":{"start":{"line":20,"column":0},"end":{"line":20,"column":24}},"1":{"start":{"line":3,"column":0},"end":{"line":3,"column":35}},"2":{"start":{"line":21,"column":2},"end":{"line":45,"column":4}},"3":{"start":{"line":25,"column":8},"end":{"line":26,"column":null}}},"fnMap":{"0":{"name":"MetricsSkeletons","decl":{"start":{"line":20,"column":24},"end":{"line":20,"column":40}},"loc":{"start":{"line":20,"column":40},"end":{"line":46,"column":1}}},"1":{"name":"(anonymous_2)","decl":{"start":{"line":24,"column":37},"end":{"line":24,"column":38}},"loc":{"start":{"line":25,"column":8},"end":{"line":26,"column":null}}}},"branchMap":{},"s":{"0":1,"1":1,"2":7,"3":28},"f":{"0":7,"1":28},"b":{}}
,"/home/mac-5/work/rust/Stellar-PolyMarket/frontend/src/constants/contractErrors.ts": {"path":"/home/mac-5/work/rust/Stellar-PolyMarket/frontend/src/constants/contractErrors.ts","statementMap":{"0":{"start":{"line":125,"column":0},"end":{"line":125,"column":16}},"1":{"start":{"line":29,"column":13},"end":{"line":113,"column":2}},"2":{"start":{"line":116,"column":13},"end":{"line":119,"column":2}},"3":{"start":{"line":126,"column":2},"end":{"line":128,"column":3}},"4":{"start":{"line":127,"column":4},"end":{"line":127,"column":51}},"5":{"start":{"line":127,"column":39},"end":{"line":127,"column":51}},"6":{"start":{"line":129,"column":2},"end":{"line":129,"column":32}}},"fnMap":{"0":{"name":"mapContractError","decl":{"start":{"line":125,"column":16},"end":{"line":125,"column":32}},"loc":{"start":{"line":125,"column":45},"end":{"line":130,"column":1}}}},"branchMap":{"0":{"loc":{"start":{"line":127,"column":4},"end":{"line":127,"column":51}},"type":"if","locations":[{"start":{"line":127,"column":4},"end":{"line":127,"column":51}}]},"1":{"loc":{"start":{"line":127,"column":8},"end":{"line":127,"column":37}},"type":"cond-expr","locations":[{"start":{"line":127,"column":21},"end":{"line":127,"column":23}},{"start":{"line":127,"column":21},"end":{"line":127,"column":37}}]},"2":{"loc":{"start":{"line":127,"column":8},"end":{"line":127,"column":23}},"type":"binary-expr","locations":[{"start":{"line":127,"column":8},"end":{"line":127,"column":23}},{"start":{"line":127,"column":21},"end":{"line":127,"column":23}}]}},"s":{"0":1,"1":1,"2":1,"3":28,"4":108,"5":25,"6":3},"f":{"0":28},"b":{"0":[25],"1":[0,108],"2":[108,108]}}
,"/home/mac-5/work/rust/Stellar-PolyMarket/frontend/src/context/BettingSlipContext.tsx": {"path":"/home/mac-5/work/rust/Stellar-PolyMarket/frontend/src/context/BettingSlipContext.tsx","statementMap":{"0":{"start":{"line":41,"column":0},"end":{"line":41,"column":16}},"1":{"start":{"line":81,"column":0},"end":{"line":81,"column":16}},"2":{"start":{"line":14,"column":0},"end":{"line":14,"column":84}},"3":{"start":{"line":16,"column":13},"end":{"line":16,"column":26}},"4":{"start":{"line":39,"column":27},"end":{"line":39,"column":71}},"5":{"start":{"line":42,"column":30},"end":{"line":42,"column":45}},"6":{"start":{"line":43,"column":26},"end":{"line":43,"column":51}},"7":{"start":{"line":45,"column":15},"end":{"line":45,"column":53}},"8":{"start":{"line":45,"column":33},"end":{"line":45,"column":48}},"9":{"start":{"line":46,"column":16},"end":{"line":46,"column":55}},"10":{"start":{"line":46,"column":34},"end":{"line":46,"column":50}},"11":{"start":{"line":48,"column":17},"end":{"line":65,"column":null}},"12":{"start":{"line":51,"column":6},"end":{"line":54,"column":7}},"13":{"start":{"line":52,"column":8},"end":{"line":52,"column":24}},"14":{"start":{"line":53,"column":8},"end":{"line":53,"column":21}},"15":{"start":{"line":55,"column":17},"end":{"line":55,"column":54}},"16":{"start":{"line":57,"column":6},"end":{"line":60,"column":9}},"17":{"start":{"line":58,"column":25},"end":{"line":58,"column":56}},"18":{"start":{"line":58,"column":44},"end":{"line":58,"column":55}},"19":{"start":{"line":59,"column":8},"end":{"line":59,"column":45}},"20":{"start":{"line":62,"column":6},"end":{"line":62,"column":22}},"21":{"start":{"line":63,"column":6},"end":{"line":63,"column":18}},"22":{"start":{"line":68,"column":20},"end":{"line":70,"column":8}},"23":{"start":{"line":69,"column":4},"end":{"line":69,"column":55}},"24":{"start":{"line":69,"column":22},"end":{"line":69,"column":53}},"25":{"start":{"line":69,"column":41},"end":{"line":69,"column":52}},"26":{"start":{"line":72,"column":20},"end":{"line":72,"column":54}},"27":{"start":{"line":72,"column":38},"end":{"line":72,"column":49}},"28":{"start":{"line":74,"column":2},"end":{"line":78,"column":4}},"29":{"start":{"line":82,"column":14},"end":{"line":82,"column":44}},"30":{"start":{"line":83,"column":2},"end":{"line":83,"column":86}},"31":{"start":{"line":83,"column":12},"end":{"line":83,"column":86}},"32":{"start":{"line":84,"column":2},"end":{"line":84,"column":13}}},"fnMap":{"0":{"name":"BettingSlipProvider","decl":{"start":{"line":41,"column":16},"end":{"line":41,"column":35}},"loc":{"start":{"line":41,"column":73},"end":{"line":79,"column":1}}},"1":{"name":"(anonymous_1)","decl":{"start":{"line":45,"column":27},"end":{"line":45,"column":30}},"loc":{"start":{"line":45,"column":33},"end":{"line":45,"column":48}}},"2":{"name":"(anonymous_2)","decl":{"start":{"line":46,"column":28},"end":{"line":46,"column":31}},"loc":{"start":{"line":46,"column":34},"end":{"line":46,"column":50}}},"3":{"name":"(anonymous_3)","decl":{"start":{"line":49,"column":4},"end":{"line":49,"column":5}},"loc":{"start":{"line":49,"column":70},"end":{"line":64,"column":5}}},"4":{"name":"(anonymous_4)","decl":{"start":{"line":57,"column":14},"end":{"line":57,"column":15}},"loc":{"start":{"line":57,"column":23},"end":{"line":60,"column":7}}},"5":{"name":"(anonymous_5)","decl":{"start":{"line":58,"column":37},"end":{"line":58,"column":38}},"loc":{"start":{"line":58,"column":44},"end":{"line":58,"column":55}}},"6":{"name":"(anonymous_6)","decl":{"start":{"line":68,"column":32},"end":{"line":68,"column":33}},"loc":{"start":{"line":68,"column":47},"end":{"line":70,"column":3}}},"7":{"name":"(anonymous_7)","decl":{"start":{"line":69,"column":12},"end":{"line":69,"column":13}},"loc":{"start":{"line":69,"column":22},"end":{"line":69,"column":53}}},"8":{"name":"(anonymous_8)","decl":{"start":{"line":69,"column":34},"end":{"line":69,"column":35}},"loc":{"start":{"line":69,"column":41},"end":{"line":69,"column":52}}},"9":{"name":"(anonymous_9)","decl":{"start":{"line":72,"column":32},"end":{"line":72,"column":35}},"loc":{"start":{"line":72,"column":38},"end":{"line":72,"column":49}}},"10":{"name":"useBettingSlip","decl":{"start":{"line":81,"column":16},"end":{"line":81,"column":30}},"loc":{"start":{"line":81,"column":30},"end":{"line":85,"column":1}}}},"branchMap":{"0":{"loc":{"start":{"line":51,"column":6},"end":{"line":54,"column":7}},"type":"if","locations":[{"start":{"line":51,"column":6},"end":{"line":54,"column":7}}]},"1":{"loc":{"start":{"line":52,"column":8},"end":{"line":52,"column":23}},"type":"cond-expr","locations":[{"start":{"line":52,"column":19},"end":{"line":52,"column":23}},{"start":{"line":52,"column":8},"end":{"line":52,"column":23}}]},"2":{"loc":{"start":{"line":52,"column":8},"end":{"line":52,"column":23}},"type":"binary-expr","locations":[{"start":{"line":52,"column":8},"end":{"line":52,"column":23}},{"start":{"line":52,"column":8},"end":{"line":52,"column":23}}]},"3":{"loc":{"start":{"line":83,"column":2},"end":{"line":83,"column":86}},"type":"if","locations":[{"start":{"line":83,"column":2},"end":{"line":83,"column":86}}]}},"s":{"0":1,"1":1,"2":1,"3":1,"4":1,"5":28,"6":28,"7":28,"8":2,"9":28,"10":1,"11":28,"12":21,"13":0,"14":0,"15":21,"16":21,"17":21,"18":29,"19":21,"20":21,"21":21,"22":28,"23":1,"24":1,"25":2,"26":28,"27":1,"28":28,"29":33,"30":32,"31":4,"32":28},"f":{"0":28,"1":2,"2":1,"3":21,"4":21,"5":29,"6":1,"7":1,"8":2,"9":1,"10":33},"b":{"0":[0],"1":[0,0],"2":[0,0],"3":[4]}}
,"/home/mac-5/work/rust/Stellar-PolyMarket/frontend/src/hooks/useBatchTransaction.ts": {"path":"/home/mac-5/work/rust/Stellar-PolyMarket/frontend/src/hooks/useBatchTransaction.ts","statementMap":{"0":{"start":{"line":113,"column":0},"end":{"line":113,"column":16}},"1":{"start":{"line":19,"column":0},"end":{"line":19,"column":46}},"2":{"start":{"line":20,"column":0},"end":{"line":20,"column":null}},"3":{"start":{"line":31,"column":13},"end":{"line":31,"column":73}},"4":{"start":{"line":34,"column":13},"end":{"line":34,"column":69}},"5":{"start":{"line":37,"column":42},"end":{"line":41,"column":2}},"6":{"start":{"line":71,"column":14},"end":{"line":71,"column":73}},"7":{"start":{"line":72,"column":2},"end":{"line":72,"column":76}},"8":{"start":{"line":72,"column":15},"end":{"line":72,"column":76}},"9":{"start":{"line":73,"column":15},"end":{"line":73,"column":31}},"10":{"start":{"line":74,"column":2},"end":{"line":74,"column":14}},"11":{"start":{"line":82,"column":15},"end":{"line":82,"column":53}},"12":{"start":{"line":83,"column":14},"end":{"line":87,"column":4}},"13":{"start":{"line":88,"column":15},"end":{"line":88,"column":31}},"14":{"start":{"line":89,"column":2},"end":{"line":95,"column":3}},"15":{"start":{"line":91,"column":30},"end":{"line":91,"column":74}},"16":{"start":{"line":92,"column":4},"end":{"line":94,"column":7}},"17":{"start":{"line":96,"column":2},"end":{"line":96,"column":14}},"18":{"start":{"line":104,"column":26},"end":{"line":104,"column":51}},"19":{"start":{"line":106,"column":18},"end":{"line":106,"column":60}},"20":{"start":{"line":106,"column":41},"end":{"line":106,"column":59}},"21":{"start":{"line":107,"column":2},"end":{"line":109,"column":3}},"22":{"start":{"line":108,"column":4},"end":{"line":108,"column":81}},"23":{"start":{"line":110,"column":2},"end":{"line":110,"column":45}},"24":{"start":{"line":116,"column":38},"end":{"line":116,"column":53}},"25":{"start":{"line":117,"column":28},"end":{"line":117,"column":57}},"26":{"start":{"line":118,"column":32},"end":{"line":118,"column":47}},"27":{"start":{"line":125,"column":27},"end":{"line":180,"column":null}},"28":{"start":{"line":127,"column":6},"end":{"line":127,"column":36}},"29":{"start":{"line":127,"column":23},"end":{"line":127,"column":36}},"30":{"start":{"line":129,"column":6},"end":{"line":129,"column":26}},"31":{"start":{"line":130,"column":6},"end":{"line":130,"column":21}},"32":{"start":{"line":131,"column":6},"end":{"line":131,"column":24}},"33":{"start":{"line":134,"column":23},"end":{"line":134,"column":66}},"34":{"start":{"line":134,"column":38},"end":{"line":134,"column":66}},"35":{"start":{"line":136,"column":6},"end":{"line":178,"column":7}},"36":{"start":{"line":138,"column":24},"end":{"line":138,"column":56}},"37":{"start":{"line":141,"column":24},"end":{"line":146,"column":null}},"38":{"start":{"line":142,"column":84},"end":{"line":142,"column":135}},"39":{"start":{"line":150,"column":8},"end":{"line":152,"column":9}},"40":{"start":{"line":151,"column":10},"end":{"line":151,"column":59}},"41":{"start":{"line":155,"column":8},"end":{"line":155,"column":31}},"42":{"start":{"line":156,"column":19},"end":{"line":156,"column":34}},"43":{"start":{"line":159,"column":8},"end":{"line":159,"column":81}},"44":{"start":{"line":159,"column":31},"end":{"line":159,"column":81}},"45":{"start":{"line":162,"column":26},"end":{"line":164,"column":10}},"46":{"start":{"line":167,"column":8},"end":{"line":167,"column":41}},"47":{"start":{"line":169,"column":8},"end":{"line":169,"column":25}},"48":{"start":{"line":170,"column":8},"end":{"line":170,"column":22}},"49":{"start":{"line":171,"column":8},"end":{"line":171,"column":20}},"50":{"start":{"line":174,"column":8},"end":{"line":174,"column":53}},"51":{"start":{"line":175,"column":8},"end":{"line":175,"column":21}},"52":{"start":{"line":177,"column":8},"end":{"line":177,"column":29}},"53":{"start":{"line":188,"column":22},"end":{"line":205,"column":null}},"54":{"start":{"line":190,"column":6},"end":{"line":190,"column":37}},"55":{"start":{"line":190,"column":24},"end":{"line":190,"column":37}},"56":{"start":{"line":193,"column":36},"end":{"line":201,"column":9}},"57":{"start":{"line":193,"column":55},"end":{"line":201,"column":8}},"58":{"start":{"line":203,"column":6},"end":{"line":203,"column":50}},"59":{"start":{"line":208,"column":2},"end":{"line":208,"column":71}}},"fnMap":{"0":{"name":"loadAccount","decl":{"start":{"line":70,"column":15},"end":{"line":70,"column":26}},"loc":{"start":{"line":70,"column":48},"end":{"line":75,"column":1}}},"1":{"name":"submitToHorizon","decl":{"start":{"line":81,"column":15},"end":{"line":81,"column":30}},"loc":{"start":{"line":81,"column":48},"end":{"line":97,"column":1}}},"2":{"name":"parseOperationError","decl":{"start":{"line":103,"column":9},"end":{"line":103,"column":28}},"loc":{"start":{"line":103,"column":57},"end":{"line":111,"column":1}}},"3":{"name":"(anonymous_3)","decl":{"start":{"line":106,"column":34},"end":{"line":106,"column":35}},"loc":{"start":{"line":106,"column":41},"end":{"line":106,"column":59}}},"4":{"name":"useBatchTransaction","decl":{"start":{"line":113,"column":16},"end":{"line":113,"column":35}},"loc":{"start":{"line":114,"column":24},"end":{"line":209,"column":1}}},"5":{"name":"(anonymous_5)","decl":{"start":{"line":126,"column":4},"end":{"line":126,"column":9}},"loc":{"start":{"line":126,"column":77},"end":{"line":179,"column":5}}},"6":{"name":"(anonymous_6)","decl":{"start":{"line":134,"column":31},"end":{"line":134,"column":32}},"loc":{"start":{"line":134,"column":37},"end":{"line":134,"column":66}}},"7":{"name":"(anonymous_7)","decl":{"start":{"line":142,"column":56},"end":{"line":142,"column":79}},"loc":{"start":{"line":142,"column":79},"end":{"line":142,"column":137}}},"8":{"name":"(anonymous_8)","decl":{"start":{"line":189,"column":4},"end":{"line":189,"column":9}},"loc":{"start":{"line":189,"column":73},"end":{"line":204,"column":5}}},"9":{"name":"(anonymous_9)","decl":{"start":{"line":193,"column":45},"end":{"line":193,"column":46}},"loc":{"start":{"line":193,"column":55},"end":{"line":201,"column":8}}}},"branchMap":{"0":{"loc":{"start":{"line":72,"column":2},"end":{"line":72,"column":76}},"type":"if","locations":[{"start":{"line":72,"column":2},"end":{"line":72,"column":76}}]},"1":{"loc":{"start":{"line":89,"column":2},"end":{"line":95,"column":3}},"type":"if","locations":[{"start":{"line":89,"column":2},"end":{"line":95,"column":3}}]},"2":{"loc":{"start":{"line":91,"column":30},"end":{"line":91,"column":74}},"type":"cond-expr","locations":[{"start":{"line":91,"column":68},"end":{"line":91,"column":72}},{"start":{"line":91,"column":72},"end":{"line":91,"column":74}}]},"3":{"loc":{"start":{"line":91,"column":30},"end":{"line":91,"column":72}},"type":"binary-expr","locations":[{"start":{"line":91,"column":30},"end":{"line":91,"column":72}},{"start":{"line":91,"column":68},"end":{"line":91,"column":72}}]},"4":{"loc":{"start":{"line":91,"column":30},"end":{"line":91,"column":68}},"type":"cond-expr","locations":[{"start":{"line":91,"column":56},"end":{"line":91,"column":58}},{"start":{"line":91,"column":56},"end":{"line":91,"column":68}}]},"5":{"loc":{"start":{"line":91,"column":30},"end":{"line":91,"column":58}},"type":"binary-expr","locations":[{"start":{"line":91,"column":30},"end":{"line":91,"column":58}},{"start":{"line":91,"column":56},"end":{"line":91,"column":58}}]},"6":{"loc":{"start":{"line":91,"column":30},"end":{"line":91,"column":56}},"type":"cond-expr","locations":[{"start":{"line":91,"column":42},"end":{"line":91,"column":44}},{"start":{"line":91,"column":42},"end":{"line":91,"column":56}}]},"7":{"loc":{"start":{"line":91,"column":30},"end":{"line":91,"column":44}},"type":"binary-expr","locations":[{"start":{"line":91,"column":30},"end":{"line":91,"column":44}},{"start":{"line":91,"column":42},"end":{"line":91,"column":44}}]},"8":{"loc":{"start":{"line":91,"column":30},"end":{"line":91,"column":42}},"type":"cond-expr","locations":[{"start":{"line":91,"column":34},"end":{"line":91,"column":36}},{"start":{"line":91,"column":30},"end":{"line":91,"column":42}}]},"9":{"loc":{"start":{"line":91,"column":30},"end":{"line":91,"column":36}},"type":"binary-expr","locations":[{"start":{"line":91,"column":30},"end":{"line":91,"column":36}},{"start":{"line":91,"column":30},"end":{"line":91,"column":36}}]},"10":{"loc":{"start":{"line":92,"column":34},"end":{"line":92,"column":97}},"type":"cond-expr","locations":[{"start":{"line":92,"column":73},"end":{"line":92,"column":77}},{"start":{"line":92,"column":77},"end":{"line":92,"column":97}}]},"11":{"loc":{"start":{"line":92,"column":34},"end":{"line":92,"column":77}},"type":"binary-expr","locations":[{"start":{"line":92,"column":34},"end":{"line":92,"column":77}},{"start":{"line":92,"column":73},"end":{"line":92,"column":77}}]},"12":{"loc":{"start":{"line":92,"column":34},"end":{"line":92,"column":73}},"type":"cond-expr","locations":[{"start":{"line":92,"column":60},"end":{"line":92,"column":62}},{"start":{"line":92,"column":60},"end":{"line":92,"column":73}}]},"13":{"loc":{"start":{"line":92,"column":34},"end":{"line":92,"column":62}},"type":"binary-expr","locations":[{"start":{"line":92,"column":34},"end":{"line":92,"column":62}},{"start":{"line":92,"column":60},"end":{"line":92,"column":62}}]},"14":{"loc":{"start":{"line":92,"column":34},"end":{"line":92,"column":60}},"type":"cond-expr","locations":[{"start":{"line":92,"column":46},"end":{"line":92,"column":48}},{"start":{"line":92,"column":46},"end":{"line":92,"column":60}}]},"15":{"loc":{"start":{"line":92,"column":34},"end":{"line":92,"column":48}},"type":"binary-expr","locations":[{"start":{"line":92,"column":34},"end":{"line":92,"column":48}},{"start":{"line":92,"column":46},"end":{"line":92,"column":48}}]},"16":{"loc":{"start":{"line":92,"column":34},"end":{"line":92,"column":46}},"type":"cond-expr","locations":[{"start":{"line":92,"column":38},"end":{"line":92,"column":40}},{"start":{"line":92,"column":34},"end":{"line":92,"column":46}}]},"17":{"loc":{"start":{"line":92,"column":34},"end":{"line":92,"column":40}},"type":"binary-expr","locations":[{"start":{"line":92,"column":34},"end":{"line":92,"column":40}},{"start":{"line":92,"column":34},"end":{"line":92,"column":40}}]},"18":{"loc":{"start":{"line":104,"column":26},"end":{"line":104,"column":51}},"type":"cond-expr","locations":[{"start":{"line":104,"column":45},"end":{"line":104,"column":49}},{"start":{"line":104,"column":49},"end":{"line":104,"column":51}}]},"19":{"loc":{"start":{"line":104,"column":26},"end":{"line":104,"column":49}},"type":"binary-expr","locations":[{"start":{"line":104,"column":26},"end":{"line":104,"column":49}},{"start":{"line":104,"column":45},"end":{"line":104,"column":49}}]},"20":{"loc":{"start":{"line":104,"column":26},"end":{"line":104,"column":45}},"type":"cond-expr","locations":[{"start":{"line":104,"column":29},"end":{"line":104,"column":31}},{"start":{"line":104,"column":26},"end":{"line":104,"column":45}}]},"21":{"loc":{"start":{"line":104,"column":26},"end":{"line":104,"column":31}},"type":"binary-expr","locations":[{"start":{"line":104,"column":26},"end":{"line":104,"column":31}},{"start":{"line":104,"column":26},"end":{"line":104,"column":31}}]},"22":{"loc":{"start":{"line":107,"column":2},"end":{"line":109,"column":3}},"type":"if","locations":[{"start":{"line":107,"column":2},"end":{"line":109,"column":3}}]},"23":{"loc":{"start":{"line":107,"column":6},"end":{"line":107,"column":41}},"type":"binary-expr","locations":[{"start":{"line":107,"column":6},"end":{"line":107,"column":20}},{"start":{"line":107,"column":24},"end":{"line":107,"column":41}}]},"24":{"loc":{"start":{"line":110,"column":9},"end":{"line":110,"column":44}},"type":"cond-expr","locations":[{"start":{"line":110,"column":20},"end":{"line":110,"column":24}},{"start":{"line":110,"column":24},"end":{"line":110,"column":44}}]},"25":{"loc":{"start":{"line":110,"column":9},"end":{"line":110,"column":24}},"type":"binary-expr","locations":[{"start":{"line":110,"column":9},"end":{"line":110,"column":24}},{"start":{"line":110,"column":20},"end":{"line":110,"column":24}}]},"26":{"loc":{"start":{"line":127,"column":6},"end":{"line":127,"column":36}},"type":"if","locations":[{"start":{"line":127,"column":6},"end":{"line":127,"column":36}}]},"27":{"loc":{"start":{"line":134,"column":38},"end":{"line":134,"column":65}},"type":"cond-expr","locations":[{"start":{"line":134,"column":55},"end":{"line":134,"column":59}},{"start":{"line":134,"column":59},"end":{"line":134,"column":65}}]},"28":{"loc":{"start":{"line":134,"column":38},"end":{"line":134,"column":59}},"type":"binary-expr","locations":[{"start":{"line":134,"column":38},"end":{"line":134,"column":59}},{"start":{"line":134,"column":55},"end":{"line":134,"column":59}}]},"29":{"loc":{"start":{"line":159,"column":8},"end":{"line":159,"column":81}},"type":"if","locations":[{"start":{"line":159,"column":8},"end":{"line":159,"column":81}}]},"30":{"loc":{"start":{"line":170,"column":8},"end":{"line":170,"column":21}},"type":"cond-expr","locations":[{"start":{"line":170,"column":17},"end":{"line":170,"column":21}},{"start":{"line":170,"column":8},"end":{"line":170,"column":21}}]},"31":{"loc":{"start":{"line":170,"column":8},"end":{"line":170,"column":21}},"type":"binary-expr","locations":[{"start":{"line":170,"column":8},"end":{"line":170,"column":21}},{"start":{"line":170,"column":8},"end":{"line":170,"column":21}}]},"32":{"loc":{"start":{"line":190,"column":6},"end":{"line":190,"column":37}},"type":"if","locations":[{"start":{"line":190,"column":6},"end":{"line":190,"column":37}}]}},"s":{"0":1,"1":1,"2":1,"3":1,"4":1,"5":1,"6":13,"7":13,"8":2,"9":11,"10":11,"11":9,"12":9,"13":9,"14":9,"15":3,"16":3,"17":6,"18":7,"19":7,"20":2,"21":7,"22":1,"23":6,"24":29,"25":29,"26":29,"27":29,"28":14,"29":1,"30":13,"31":13,"32":13,"33":13,"34":17,"35":13,"36":13,"37":11,"38":0,"39":11,"40":15,"41":11,"42":11,"43":11,"44":1,"45":10,"46":9,"47":6,"48":6,"49":6,"50":7,"51":7,"52":13,"53":29,"54":10,"55":1,"56":9,"57":10,"58":9,"59":29},"f":{"0":13,"1":9,"2":7,"3":2,"4":29,"5":14,"6":17,"7":0,"8":10,"9":10},"b":{"0":[2],"1":[3],"2":[2,1],"3":[3,3],"4":[0,3],"5":[3,3],"6":[0,3],"7":[3,3],"8":[0,3],"9":[3,3],"10":[3,0],"11":[3,3],"12":[0,3],"13":[3,3],"14":[0,3],"15":[3,3],"16":[0,3],"17":[3,3],"18":[3,4],"19":[7,7],"20":[0,7],"21":[7,7],"22":[1],"23":[7,1],"24":[6,0],"25":[6,6],"26":[1],"27":[17,0],"28":[17,17],"29":[1],"30":[3,3],"31":[6,6],"32":[1]}}
,"/home/mac-5/work/rust/Stellar-PolyMarket/frontend/src/hooks/useRecentActivity.ts": {"path":"/home/mac-5/work/rust/Stellar-PolyMarket/frontend/src/hooks/useRecentActivity.ts","statementMap":{"0":{"start":{"line":14,"column":0},"end":{"line":14,"column":16}},"1":{"start":{"line":20,"column":0},"end":{"line":20,"column":16}},"2":{"start":{"line":30,"column":0},"end":{"line":30,"column":16}},"3":{"start":{"line":40,"column":0},"end":{"line":40,"column":16}},"4":{"start":{"line":1,"column":0},"end":{"line":1,"column":52}},"5":{"start":{"line":15,"column":2},"end":{"line":15,"column":53}},"6":{"start":{"line":15,"column":38},"end":{"line":15,"column":53}},"7":{"start":{"line":16,"column":2},"end":{"line":16,"column":55}},"8":{"start":{"line":21,"column":15},"end":{"line":21,"column":78}},"9":{"start":{"line":22,"column":2},"end":{"line":22,"column":34}},"10":{"start":{"line":22,"column":16},"end":{"line":22,"column":34}},"11":{"start":{"line":23,"column":2},"end":{"line":23,"column":39}},"12":{"start":{"line":23,"column":17},"end":{"line":23,"column":39}},"13":{"start":{"line":24,"column":2},"end":{"line":24,"column":58}},"14":{"start":{"line":24,"column":19},"end":{"line":24,"column":58}},"15":{"start":{"line":25,"column":2},"end":{"line":25,"column":61}},"16":{"start":{"line":25,"column":20},"end":{"line":25,"column":61}},"17":{"start":{"line":26,"column":2},"end":{"line":26,"column":50}},"18":{"start":{"line":31,"column":2},"end":{"line":34,"column":null}},"19":{"start":{"line":38,"column":25},"end":{"line":38,"column":29}},"20":{"start":{"line":41,"column":28},"end":{"line":41,"column":56}},"21":{"start":{"line":42,"column":30},"end":{"line":42,"column":62}},"22":{"start":{"line":43,"column":28},"end":{"line":43,"column":57}},"23":{"start":{"line":44,"column":19},"end":{"line":44,"column":49}},"24":{"start":{"line":46,"column":2},"end":{"line":74,"column":22}},"25":{"start":{"line":47,"column":20},"end":{"line":47,"column":25}},"26":{"start":{"line":50,"column":6},"end":{"line":65,"column":7}},"27":{"start":{"line":51,"column":20},"end":{"line":51,"column":75}},"28":{"start":{"line":52,"column":8},"end":{"line":52,"column":59}},"29":{"start":{"line":52,"column":21},"end":{"line":52,"column":59}},"30":{"start":{"line":53,"column":21},"end":{"line":53,"column":37}},"31":{"start":{"line":54,"column":8},"end":{"line":54,"column":30}},"32":{"start":{"line":54,"column":23},"end":{"line":54,"column":30}},"33":{"start":{"line":56,"column":39},"end":{"line":56,"column":81}},"34":{"start":{"line":57,"column":25},"end":{"line":57,"column":57}},"35":{"start":{"line":57,"column":51},"end":{"line":57,"column":55}},"36":{"start":{"line":58,"column":22},"end":{"line":58,"column":86}},"37":{"start":{"line":58,"column":59},"end":{"line":58,"column":84}},"38":{"start":{"line":60,"column":8},"end":{"line":60,"column":36}},"39":{"start":{"line":61,"column":8},"end":{"line":61,"column":25}},"40":{"start":{"line":62,"column":8},"end":{"line":62,"column":45}},"41":{"start":{"line":62,"column":28},"end":{"line":62,"column":45}},"42":{"start":{"line":64,"column":8},"end":{"line":64,"column":46}},"43":{"start":{"line":64,"column":24},"end":{"line":64,"column":46}},"44":{"start":{"line":68,"column":4},"end":{"line":68,"column":11}},"45":{"start":{"line":69,"column":18},"end":{"line":69,"column":53}},"46":{"start":{"line":70,"column":4},"end":{"line":73,"column":6}},"47":{"start":{"line":71,"column":6},"end":{"line":71,"column":23}},"48":{"start":{"line":72,"column":6},"end":{"line":72,"column":27}},"49":{"start":{"line":77,"column":2},"end":{"line":81,"column":15}},"50":{"start":{"line":78,"column":4},"end":{"line":78,"column":34}},"51":{"start":{"line":78,"column":27},"end":{"line":78,"column":34}},"52":{"start":{"line":79,"column":14},"end":{"line":79,"column":58}},"53":{"start":{"line":79,"column":31},"end":{"line":79,"column":51}},"54":{"start":{"line":80,"column":4},"end":{"line":80,"column":33}},"55":{"start":{"line":80,"column":17},"end":{"line":80,"column":32}},"56":{"start":{"line":83,"column":2},"end":{"line":83,"column":34}}},"fnMap":{"0":{"name":"formatWallet","decl":{"start":{"line":14,"column":16},"end":{"line":14,"column":28}},"loc":{"start":{"line":14,"column":44},"end":{"line":17,"column":1}}},"1":{"name":"formatRelativeTime","decl":{"start":{"line":20,"column":16},"end":{"line":20,"column":34}},"loc":{"start":{"line":20,"column":52},"end":{"line":27,"column":1}}},"2":{"name":"mapActivityItem","decl":{"start":{"line":30,"column":16},"end":{"line":30,"column":31}},"loc":{"start":{"line":30,"column":49},"end":{"line":36,"column":1}}},"3":{"name":"useRecentActivity","decl":{"start":{"line":40,"column":16},"end":{"line":40,"column":33}},"loc":{"start":{"line":40,"column":60},"end":{"line":84,"column":1}}},"4":{"name":"(anonymous_4)","decl":{"start":{"line":46,"column":12},"end":{"line":46,"column":15}},"loc":{"start":{"line":46,"column":17},"end":{"line":74,"column":3}}},"5":{"name":"poll","decl":{"start":{"line":49,"column":19},"end":{"line":49,"column":23}},"loc":{"start":{"line":49,"column":23},"end":{"line":66,"column":5}}},"6":{"name":"(anonymous_6)","decl":{"start":{"line":57,"column":44},"end":{"line":57,"column":45}},"loc":{"start":{"line":57,"column":51},"end":{"line":57,"column":55}}},"7":{"name":"(anonymous_7)","decl":{"start":{"line":58,"column":51},"end":{"line":58,"column":52}},"loc":{"start":{"line":58,"column":59},"end":{"line":58,"column":84}}},"8":{"name":"(anonymous_8)","decl":{"start":{"line":70,"column":11},"end":{"line":70,"column":14}},"loc":{"start":{"line":70,"column":16},"end":{"line":73,"column":5}}},"9":{"name":"(anonymous_9)","decl":{"start":{"line":77,"column":12},"end":{"line":77,"column":15}},"loc":{"start":{"line":77,"column":17},"end":{"line":81,"column":3}}},"10":{"name":"(anonymous_10)","decl":{"start":{"line":79,"column":25},"end":{"line":79,"column":28}},"loc":{"start":{"line":79,"column":31},"end":{"line":79,"column":51}}},"11":{"name":"(anonymous_11)","decl":{"start":{"line":80,"column":11},"end":{"line":80,"column":14}},"loc":{"start":{"line":80,"column":17},"end":{"line":80,"column":32}}}},"branchMap":{"0":{"loc":{"start":{"line":15,"column":2},"end":{"line":15,"column":53}},"type":"if","locations":[{"start":{"line":15,"column":2},"end":{"line":15,"column":53}}]},"1":{"loc":{"start":{"line":15,"column":6},"end":{"line":15,"column":36}},"type":"binary-expr","locations":[{"start":{"line":15,"column":6},"end":{"line":15,"column":14}},{"start":{"line":15,"column":18},"end":{"line":15,"column":36}}]},"2":{"loc":{"start":{"line":22,"column":2},"end":{"line":22,"column":34}},"type":"if","locations":[{"start":{"line":22,"column":2},"end":{"line":22,"column":34}}]},"3":{"loc":{"start":{"line":23,"column":2},"end":{"line":23,"column":39}},"type":"if","locations":[{"start":{"line":23,"column":2},"end":{"line":23,"column":39}}]},"4":{"loc":{"start":{"line":24,"column":2},"end":{"line":24,"column":58}},"type":"if","locations":[{"start":{"line":24,"column":2},"end":{"line":24,"column":58}}]},"5":{"loc":{"start":{"line":25,"column":2},"end":{"line":25,"column":61}},"type":"if","locations":[{"start":{"line":25,"column":2},"end":{"line":25,"column":61}}]},"6":{"loc":{"start":{"line":34,"column":14},"end":{"line":34,"column":61}},"type":"cond-expr","locations":[{"start":{"line":34,"column":44},"end":{"line":34,"column":56}},{"start":{"line":34,"column":59},"end":{"line":34,"column":61}}]},"7":{"loc":{"start":{"line":40,"column":50},"end":{"line":40,"column":60}},"type":"default-arg","locations":[{"start":{"line":40,"column":58},"end":{"line":40,"column":60}}]},"8":{"loc":{"start":{"line":52,"column":8},"end":{"line":52,"column":59}},"type":"if","locations":[{"start":{"line":52,"column":8},"end":{"line":52,"column":59}}]},"9":{"loc":{"start":{"line":54,"column":8},"end":{"line":54,"column":30}},"type":"if","locations":[{"start":{"line":54,"column":8},"end":{"line":54,"column":30}}]},"10":{"loc":{"start":{"line":56,"column":40},"end":{"line":56,"column":59}},"type":"cond-expr","locations":[{"start":{"line":56,"column":53},"end":{"line":56,"column":57}},{"start":{"line":56,"column":57},"end":{"line":56,"column":59}}]},"11":{"loc":{"start":{"line":56,"column":40},"end":{"line":56,"column":57}},"type":"binary-expr","locations":[{"start":{"line":56,"column":40},"end":{"line":56,"column":57}},{"start":{"line":56,"column":53},"end":{"line":56,"column":57}}]},"12":{"loc":{"start":{"line":62,"column":8},"end":{"line":62,"column":45}},"type":"if","locations":[{"start":{"line":62,"column":8},"end":{"line":62,"column":45}}]},"13":{"loc":{"start":{"line":64,"column":8},"end":{"line":64,"column":46}},"type":"if","locations":[{"start":{"line":64,"column":8},"end":{"line":64,"column":46}}]},"14":{"loc":{"start":{"line":78,"column":4},"end":{"line":78,"column":34}},"type":"if","locations":[{"start":{"line":78,"column":4},"end":{"line":78,"column":34}}]}},"s":{"0":1,"1":1,"2":1,"3":1,"4":1,"5":1323,"6":0,"7":1323,"8":1323,"9":1323,"10":293,"11":1030,"12":905,"13":125,"14":125,"15":0,"16":0,"17":0,"18":0,"19":1,"20":0,"21":0,"22":0,"23":0,"24":0,"25":0,"26":0,"27":0,"28":0,"29":0,"30":0,"31":0,"32":0,"33":0,"34":0,"35":0,"36":0,"37":0,"38":0,"39":0,"40":0,"41":0,"42":0,"43":0,"44":0,"45":0,"46":0,"47":0,"48":0,"49":0,"50":0,"51":0,"52":0,"53":0,"54":0,"55":0,"56":0},"f":{"0":1323,"1":1323,"2":0,"3":0,"4":0,"5":0,"6":0,"7":0,"8":0,"9":0,"10":0,"11":0},"b":{"0":[0],"1":[1323,1323],"2":[293],"3":[905],"4":[125],"5":[0],"6":[0,0],"7":[0],"8":[0],"9":[0],"10":[0,0],"11":[0,0],"12":[0],"13":[0],"14":[0]}}
,"/home/mac-5/work/rust/Stellar-PolyMarket/frontend/src/lib/monitoring.ts": {"path":"/home/mac-5/work/rust/Stellar-PolyMarket/frontend/src/lib/monitoring.ts","statementMap":{"0":{"start":{"line":26,"column":0},"end":{"line":26,"column":16}},"1":{"start":{"line":11,"column":0},"end":{"line":11,"column":41}},"2":{"start":{"line":27,"column":2},"end":{"line":49,"column":3}},"3":{"start":{"line":28,"column":4},"end":{"line":45,"column":7}},"4":{"start":{"line":30,"column":6},"end":{"line":30,"column":51}},"5":{"start":{"line":32,"column":6},"end":{"line":34,"column":7}},"6":{"start":{"line":33,"column":8},"end":{"line":33,"column":53}},"7":{"start":{"line":36,"column":6},"end":{"line":38,"column":7}},"8":{"start":{"line":37,"column":8},"end":{"line":37,"column":53}},"9":{"start":{"line":40,"column":6},"end":{"line":42,"column":7}},"10":{"start":{"line":41,"column":8},"end":{"line":41,"column":39}},"11":{"start":{"line":44,"column":6},"end":{"line":44,"column":37}},"12":{"start":{"line":48,"column":4},"end":{"line":48,"column":61}}},"fnMap":{"0":{"name":"logContractError","decl":{"start":{"line":26,"column":16},"end":{"line":26,"column":32}},"loc":{"start":{"line":26,"column":73},"end":{"line":50,"column":1}}},"1":{"name":"(anonymous_10)","decl":{"start":{"line":28,"column":21},"end":{"line":28,"column":22}},"loc":{"start":{"line":28,"column":31},"end":{"line":45,"column":5}}}},"branchMap":{"0":{"loc":{"start":{"line":26,"column":47},"end":{"line":26,"column":73}},"type":"default-arg","locations":[{"start":{"line":26,"column":71},"end":{"line":26,"column":73}}]},"1":{"loc":{"start":{"line":32,"column":6},"end":{"line":34,"column":7}},"type":"if","locations":[{"start":{"line":32,"column":6},"end":{"line":34,"column":7}}]},"2":{"loc":{"start":{"line":36,"column":6},"end":{"line":38,"column":7}},"type":"if","locations":[{"start":{"line":36,"column":6},"end":{"line":38,"column":7}}]},"3":{"loc":{"start":{"line":40,"column":6},"end":{"line":42,"column":7}},"type":"if","locations":[{"start":{"line":40,"column":6},"end":{"line":42,"column":7}}]}},"s":{"0":1,"1":1,"2":9,"3":9,"4":9,"5":9,"6":9,"7":9,"8":0,"9":9,"10":9,"11":9,"12":0},"f":{"0":9,"1":9},"b":{"0":[0],"1":[9],"2":[0],"3":[9]}}
,"/home/mac-5/work/rust/Stellar-PolyMarket/frontend/src/store/contractErrorSlice.ts": {"path":"/home/mac-5/work/rust/Stellar-PolyMarket/frontend/src/store/contractErrorSlice.ts","statementMap":{"0":{"start":{"line":12,"column":0},"end":{"line":12,"column":62}},"1":{"start":{"line":24,"column":41},"end":{"line":29,"column":2}},"2":{"start":{"line":31,"column":27},"end":{"line":53,"column":2}},"3":{"start":{"line":39,"column":6},"end":{"line":39,"column":45}},"4":{"start":{"line":40,"column":6},"end":{"line":40,"column":53}},"5":{"start":{"line":41,"column":6},"end":{"line":41,"column":50}},"6":{"start":{"line":43,"column":20},"end":{"line":43,"column":82}},"7":{"start":{"line":44,"column":6},"end":{"line":44,"column":48}},"8":{"start":{"line":47,"column":6},"end":{"line":47,"column":24}},"9":{"start":{"line":48,"column":6},"end":{"line":48,"column":27}},"10":{"start":{"line":49,"column":6},"end":{"line":49,"column":30}},"11":{"start":{"line":50,"column":6},"end":{"line":50,"column":27}},"12":{"start":{"line":55,"column":13},"end":{"line":55,"column":56}},"13":{"start":{"line":56,"column":0},"end":{"line":56,"column":42}}},"fnMap":{"0":{"name":"(anonymous_0)","decl":{"start":{"line":35,"column":4},"end":{"line":35,"column":20}},"loc":{"start":{"line":37,"column":66},"end":{"line":45,"column":5}}},"1":{"name":"(anonymous_1)","decl":{"start":{"line":46,"column":4},"end":{"line":46,"column":22}},"loc":{"start":{"line":46,"column":28},"end":{"line":51,"column":5}}}},"branchMap":{"0":{"loc":{"start":{"line":40,"column":22},"end":{"line":40,"column":52}},"type":"cond-expr","locations":[{"start":{"line":40,"column":44},"end":{"line":40,"column":48}},{"start":{"line":40,"column":48},"end":{"line":40,"column":52}}]},"1":{"loc":{"start":{"line":40,"column":22},"end":{"line":40,"column":48}},"type":"binary-expr","locations":[{"start":{"line":40,"column":22},"end":{"line":40,"column":48}},{"start":{"line":40,"column":44},"end":{"line":40,"column":48}}]},"2":{"loc":{"start":{"line":44,"column":19},"end":{"line":44,"column":47}},"type":"cond-expr","locations":[{"start":{"line":44,"column":27},"end":{"line":44,"column":35}},{"start":{"line":44,"column":38},"end":{"line":44,"column":47}}]}},"s":{"0":1,"1":1,"2":1,"3":13,"4":13,"5":13,"6":13,"7":13,"8":1,"9":1,"10":1,"11":1,"12":1,"13":1},"f":{"0":13,"1":1},"b":{"0":[9,4],"1":[13,13],"2":[12,1]}}
,"/home/mac-5/work/rust/Stellar-PolyMarket/frontend/src/utils/simulatorCalc.ts": {"path":"/home/mac-5/work/rust/Stellar-PolyMarket/frontend/src/utils/simulatorCalc.ts","statementMap":{"0":{"start":{"line":34,"column":0},"end":{"line":34,"column":16}},"1":{"start":{"line":40,"column":2},"end":{"line":49,"column":3}},"2":{"start":{"line":48,"column":4},"end":{"line":48,"column":77}},"3":{"start":{"line":52,"column":23},"end":{"line":52,"column":67}},"4":{"start":{"line":55,"column":26},"end":{"line":55,"column":57}},"5":{"start":{"line":58,"column":26},"end":{"line":58,"column":55}},"6":{"start":{"line":61,"column":29},"end":{"line":61,"column":63}},"7":{"start":{"line":63,"column":2},"end":{"line":67,"column":4}}},"fnMap":{"0":{"name":"calculateSimulator","decl":{"start":{"line":34,"column":16},"end":{"line":34,"column":34}},"loc":{"start":{"line":37,"column":19},"end":{"line":68,"column":1}}}},"branchMap":{"0":{"loc":{"start":{"line":40,"column":2},"end":{"line":49,"column":3}},"type":"if","locations":[{"start":{"line":40,"column":2},"end":{"line":49,"column":3}}]},"1":{"loc":{"start":{"line":41,"column":4},"end":{"line":46,"column":24}},"type":"binary-expr","locations":[{"start":{"line":41,"column":4},"end":{"line":41,"column":20}},{"start":{"line":42,"column":4},"end":{"line":42,"column":22}},{"start":{"line":43,"column":4},"end":{"line":43,"column":18}},{"start":{"line":44,"column":4},"end":{"line":44,"column":26}},{"start":{"line":45,"column":4},"end":{"line":45,"column":29}},{"start":{"line":46,"column":4},"end":{"line":46,"column":24}}]}},"s":{"0":1,"1":16,"2":0,"3":16,"4":16,"5":16,"6":16,"7":16},"f":{"0":16},"b":{"0":[0],"1":[16,16,16,16,16,16]}}
}
