TN:
SF:src/components/onboarding/OnboardingWizard.tsx
FN:27,OnboardingWizard
FN:74,(anonymous_2)
FNF:2
FNH:2
FNDA:52,OnboardingWizard
FNDA:176,(anonymous_2)
DA:18,1
DA:19,1
DA:20,1
DA:21,1
DA:22,1
DA:23,1
DA:25,1
DA:27,1
DA:28,52
DA:29,52
DA:31,52
DA:33,44
DA:35,44
DA:42,44
DA:75,176
LF:15
LH:15
BRDA:31,0,0,8
BRDA:81,1,0,41
BRDA:81,1,1,135
BRDA:83,2,0,44
BRDA:83,2,1,91
BRDA:88,3,0,41
BRDA:88,3,1,135
BRDA:96,4,0,44
BRDA:96,4,1,132
BRDA:101,5,0,176
BRDA:101,5,1,132
BRDA:102,6,0,41
BRDA:102,6,1,91
BRDA:129,7,0,5
BRDA:129,7,1,39
BRF:15
BRH:15
end_of_record
TN:
SF:src/components/onboarding/StepBetting.tsx
FN:8,StepBetting
FN:40,(anonymous_1)
FNF:2
FNH:2
FNDA:7,StepBetting
FNDA:14,(anonymous_1)
DA:8,1
DA:9,7
DA:41,14
LF:3
LH:3
BRDA:45,0,0,7
BRDA:45,0,1,7
BRF:2
BRH:2
end_of_record
TN:
SF:src/components/onboarding/StepMarkets.tsx
FN:7,StepMarkets
FN:46,(anonymous_1)
FNF:2
FNH:2
FNDA:12,StepMarkets
FNDA:48,(anonymous_1)
DA:7,1
DA:8,12
DA:47,48
LF:3
LH:3
BRF:0
BRH:0
end_of_record
TN:
SF:src/components/onboarding/StepPayouts.tsx
FN:7,StepPayouts
FN:42,(anonymous_1)
FNF:2
FNH:2
FNDA:5,StepPayouts
FNDA:20,(anonymous_1)
DA:7,1
DA:9,5
DA:10,5
DA:11,5
DA:12,5
DA:13,5
DA:14,5
DA:15,5
DA:17,5
DA:43,20
LF:10
LH:10
BRF:0
BRH:0
end_of_record
TN:
SF:src/components/onboarding/StepWallet.tsx
FN:14,StepWallet
FNF:1
FNH:1
FNDA:20,StepWallet
DA:14,1
DA:15,20
LF:2
LH:2
BRDA:37,0,0,0
BRDA:37,0,1,20
BRDA:51,1,0,0
BRDA:51,1,1,20
BRF:4
BRH:2
end_of_record
TN:
SF:src/hooks/useOnboarding.ts
FN:44,useOnboarding
FN:46,(anonymous_1)
FN:53,(anonymous_2)
FN:60,(anonymous_3)
FN:61,(anonymous_4)
FN:71,(anonymous_5)
FN:72,(anonymous_6)
FN:75,(anonymous_7)
FN:79,(anonymous_8)
FN:83,(anonymous_9)
FN:87,(anonymous_10)
FNF:11
FNH:9
FNDA:52,useOnboarding
FNDA:21,(anonymous_1)
FNDA:6,(anonymous_2)
FNDA:24,(anonymous_3)
FNDA:24,(anonymous_4)
FNDA:1,(anonymous_5)
FNDA:1,(anonymous_6)
FNDA:0,(anonymous_7)
FNDA:3,(anonymous_8)
FNDA:3,(anonymous_9)
FNDA:0,(anonymous_10)
DA:18,1
DA:21,1
DA:42,1
DA:44,1
DA:46,52
DA:47,21
DA:48,21
DA:51,52
DA:53,52
DA:54,6
DA:55,6
DA:57,6
DA:60,52
DA:61,24
DA:62,24
DA:63,24
DA:64,0
DA:65,0
DA:67,24
DA:71,52
DA:72,1
DA:75,52
DA:76,0
DA:79,52
DA:80,3
DA:83,52
DA:84,3
DA:87,52
DA:88,0
DA:89,0
DA:91,0
DA:92,0
DA:95,52
LF:33
LH:26
BRDA:47,0,0,0
BRDA:54,1,0,6
BRDA:63,2,0,0
BRDA:88,3,0,0
BRF:4
BRH:1
end_of_record
