TN:
SF:src/components/ContractErrorBoundary.tsx
FN:45,(anonymous_1)
FN:71,(anonymous_2)
FN:50,(anonymous_3)
FN:54,(anonymous_4)
FN:76,(anonymous_5)
FN:145,withContractErrorBoundary
FN:150,(anonymous_7)
FNF:7
FNH:4
FNDA:22,(anonymous_1)
FNDA:0,(anonymous_2)
FNDA:19,(anonymous_3)
FNDA:9,(anonymous_4)
FNDA:40,(anonymous_5)
FNDA:0,withContractErrorBoundary
FNDA:0,(anonymous_7)
DA:25,1
DA:27,1
DA:28,1
DA:29,1
DA:44,1
DA:46,22
DA:47,21
DA:51,19
DA:55,9
DA:58,9
DA:59,7
DA:65,9
DA:71,21
DA:73,0
DA:77,40
DA:79,40
DA:81,19
DA:83,19
DA:145,1
DA:150,0
DA:151,0
DA:155,0
DA:156,0
LF:23
LH:18
BRDA:55,0,0,3
BRDA:58,1,0,7
BRDA:67,2,0,9
BRDA:67,2,1,0
BRDA:79,3,0,21
BRDA:79,4,0,40
BRDA:79,4,1,19
BRDA:81,5,0,17
BRDA:124,6,0,19
BRDA:124,6,1,17
BRF:10
BRH:9
end_of_record
TN:
SF:src/components/CopyButton.tsx
FN:62,abbreviateValue
FN:69,CopyButton
FN:98,handleCopy
FN:117,(anonymous_3)
FN:144,copyUsingExecCommand
FN:169,handleKeyDown
FNF:6
FNH:6
FNDA:56,abbreviateValue
FNDA:56,CopyButton
FNDA:21,handleCopy
FNDA:1,(anonymous_3)
FNDA:3,copyUsingExecCommand
FNDA:3,handleKeyDown
DA:3,1
DA:63,56
DA:64,3
DA:66,53
DA:69,1
DA:77,56
DA:80,56
DA:99,21
DA:101,21
DA:102,18
DA:105,3
DA:109,18
DA:112,18
DA:113,3
DA:117,18
DA:118,1
DA:122,18
DA:125,3
DA:126,3
DA:145,3
DA:146,3
DA:148,3
DA:149,3
DA:150,3
DA:151,3
DA:154,3
DA:155,3
DA:158,3
DA:160,3
DA:161,0
DA:170,3
DA:171,2
DA:172,2
DA:176,56
LF:34
LH:33
BRDA:63,0,0,3
BRDA:63,1,0,56
BRDA:63,1,1,55
BRDA:71,2,0,50
BRDA:72,3,0,55
BRDA:101,4,0,18
BRDA:101,4,1,3
BRDA:101,5,0,21
BRDA:101,5,1,18
BRDA:112,6,0,3
BRDA:125,7,0,2
BRDA:125,7,1,1
BRDA:160,8,0,0
BRDA:170,9,0,2
BRDA:170,10,0,3
BRDA:170,10,1,2
BRDA:212,11,0,16
BRDA:212,11,1,40
BRDA:217,12,0,56
BRDA:217,12,1,16
BRF:20
BRH:19
end_of_record
TN:
SF:src/components/Skeleton.tsx
FN:44,Skeleton
FN:54,(anonymous_1)
FNF:2
FNH:2
FNDA:280,Skeleton
FNDA:10,(anonymous_1)
DA:44,1
DA:51,280
DA:52,4
DA:55,10
DA:65,276
DA:86,1
LF:6
LH:6
BRDA:45,0,0,5
BRDA:46,1,0,279
BRDA:48,2,0,278
BRDA:51,3,0,4
BRDA:51,4,0,280
BRDA:51,4,1,4
BRDA:58,5,0,6
BRDA:58,5,1,4
BRF:8
BRH:8
end_of_record
TN:
SF:src/components/VirtualizedOrderBook.tsx
FN:64,VirtualizedOrderBook
FN:81,(anonymous_1)
FN:93,(anonymous_2)
FN:105,(anonymous_3)
FN:126,(anonymous_4)
FNF:5
FNH:5
FNDA:83,VirtualizedOrderBook
FNDA:19,(anonymous_1)
FNDA:30,(anonymous_2)
FNDA:46,(anonymous_3)
FNDA:1323,(anonymous_4)
DA:25,1
DA:26,1
DA:27,1
DA:30,1
DA:33,1
DA:36,1
DA:57,1
DA:64,1
DA:71,83
DA:73,83
DA:74,83
DA:75,83
DA:78,83
DA:81,83
DA:82,19
DA:83,19
DA:93,83
DA:94,30
DA:97,30
DA:104,83
DA:106,46
DA:107,34
DA:108,32
DA:109,32
DA:110,32
DA:111,32
DA:112,32
DA:113,30
DA:114,30
DA:117,32
DA:125,83
DA:127,1323
DA:128,1323
DA:130,1323
DA:131,1323
DA:133,1323
DA:166,83
DA:167,3
DA:177,80
LF:39
LH:39
BRDA:67,0,0,2
BRDA:106,1,0,12
BRDA:106,2,0,46
BRDA:106,2,1,34
BRDA:107,3,0,32
BRDA:112,4,0,30
BRDA:128,5,0,0
BRDA:130,6,0,1323
BRDA:130,6,1,1
BRDA:130,6,2,0
BRDA:166,7,0,3
BRDA:205,8,0,80
BRDA:205,8,1,32
BRF:13
BRH:11
end_of_record
TN:
SF:src/components/WhatIfSimulator.tsx
FN:27,WhatIfSimulator
FN:30,(anonymous_1)
FN:38,(anonymous_2)
FN:40,(anonymous_3)
FN:43,(anonymous_4)
FN:63,(anonymous_5)
FN:63,(anonymous_6)
FN:102,(anonymous_7)
FN:113,(anonymous_8)
FN:157,(anonymous_9)
FN:160,(anonymous_10)
FNF:11
FNH:10
FNDA:33,WhatIfSimulator
FNDA:15,(anonymous_1)
FNDA:19,(anonymous_2)
FNDA:1,(anonymous_3)
FNDA:19,(anonymous_4)
FNDA:13,(anonymous_5)
FNDA:13,(anonymous_6)
FNDA:2,(anonymous_7)
FNDA:2,(anonymous_8)
FNDA:0,(anonymous_9)
FNDA:66,(anonymous_10)
DA:2,1
DA:5,1
DA:14,1
DA:25,1
DA:27,1
DA:28,33
DA:29,33
DA:30,33
DA:31,15
DA:33,33
DA:35,33
DA:38,33
DA:39,19
DA:40,19
DA:41,1
DA:43,19
DA:44,19
DA:48,33
DA:53,33
DA:55,33
DA:63,13
DA:102,2
DA:114,2
DA:115,2
DA:157,0
DA:161,66
LF:26
LH:25
BRDA:35,0,0,33
BRDA:35,0,1,31
BRDA:39,1,0,4
BRDA:44,2,0,19
BRDA:70,3,0,17
BRDA:70,3,1,16
BRDA:85,4,0,17
BRDA:85,4,1,16
BRDA:115,5,0,0
BRDA:115,5,1,2
BRDA:139,6,0,33
BRDA:139,6,1,0
BRDA:142,7,0,33
BRDA:142,7,1,0
BRDA:157,8,0,0
BRDA:157,8,1,0
BRF:16
BRH:11
end_of_record
TN:
SF:src/components/mobile/BottomNavBar.tsx
FN:49,BottomNavBar
FN:58,(anonymous_1)
FN:64,(anonymous_2)
FNF:3
FNH:3
FNDA:105,BottomNavBar
FNDA:420,(anonymous_1)
FNDA:1,(anonymous_2)
DA:10,1
DA:49,1
DA:50,105
DA:59,420
DA:60,420
DA:64,1
LF:6
LH:6
BRDA:66,0,0,105
BRDA:66,0,1,315
BRDA:68,1,0,105
BRDA:68,1,1,315
BRDA:71,2,0,420
BRDA:71,2,1,105
BRF:6
BRH:6
end_of_record
TN:
SF:src/components/mobile/DisputeEvidenceUpload.tsx
FN:9,DisputeEvidenceUpload
FN:15,(anonymous_1)
FN:29,(anonymous_2)
FNF:3
FNH:3
FNDA:18,DisputeEvidenceUpload
FNDA:6,(anonymous_1)
FNDA:3,(anonymous_2)
DA:1,1
DA:2,1
DA:4,1
DA:9,1
DA:10,18
DA:11,18
DA:12,18
DA:13,18
DA:15,18
DA:16,6
DA:17,6
DA:18,6
DA:19,6
DA:20,1
DA:21,1
DA:23,5
DA:24,5
DA:25,5
DA:26,5
DA:29,18
DA:30,3
DA:31,3
DA:32,3
DA:33,3
DA:34,3
DA:35,3
DA:36,3
DA:37,3
DA:38,3
DA:39,3
DA:40,3
DA:42,0
DA:43,0
DA:44,0
DA:48,18
DA:77,1
LF:36
LH:33
BRDA:17,0,0,0
BRDA:19,1,0,1
BRDA:30,2,0,0
BRDA:40,3,0,1
BRDA:53,4,0,18
BRDA:53,4,1,11
BRDA:54,5,0,18
BRDA:54,5,1,11
BRDA:55,6,0,3
BRDA:55,6,1,15
BRDA:57,7,0,18
BRDA:57,7,1,15
BRDA:57,7,2,6
BRDA:62,8,0,18
BRDA:62,8,1,3
BRDA:62,8,2,3
BRDA:72,9,0,18
BRDA:72,9,1,0
BRF:18
BRH:15
end_of_record
TN:
SF:src/components/mobile/FloatingBetButton.tsx
FN:19,FloatingBetButton
FNF:1
FNH:1
FNDA:204,FloatingBetButton
DA:19,1
DA:20,204
DA:22,204
LF:3
LH:3
BRDA:31,0,0,117
BRDA:31,0,1,87
BRDA:32,1,0,148
BRDA:32,1,1,56
BRF:4
BRH:4
end_of_record
TN:
SF:src/components/mobile/PullToRefresh.tsx
FN:37,PullToRefresh
FN:62,handleTouchStart
FN:87,handleTouchMove
FN:113,handleTouchEnd
FNF:4
FNH:4
FNDA:146,PullToRefresh
FNDA:40,handleTouchStart
FNDA:40,handleTouchMove
FNDA:38,handleTouchEnd
DA:2,1
DA:15,1
DA:17,1
DA:37,1
DA:39,146
DA:42,146
DA:46,146
DA:50,146
DA:53,146
DA:64,40
DA:66,40
DA:68,39
DA:72,1
DA:89,40
DA:92,38
DA:96,38
DA:100,37
DA:115,38
DA:118,36
DA:120,34
DA:123,34
DA:127,34
DA:129,34
DA:131,34
DA:134,34
DA:135,34
DA:136,34
DA:140,2
DA:145,146
DA:147,146
LF:30
LH:30
BRDA:64,0,0,40
BRDA:64,0,1,0
BRDA:66,1,0,39
BRDA:66,1,1,1
BRDA:89,2,0,2
BRDA:89,3,0,40
BRDA:89,3,1,39
BRDA:96,4,0,37
BRDA:115,5,0,2
BRDA:115,6,0,38
BRDA:115,6,1,37
BRDA:118,7,0,34
BRDA:118,7,1,2
BRDA:145,8,0,146
BRDA:145,8,1,75
BRDA:173,9,0,71
BRDA:173,9,1,75
BRDA:182,10,0,34
BRDA:182,10,1,112
BRDA:186,11,0,34
BRDA:186,11,1,112
BRDA:204,12,0,71
BRDA:204,12,1,75
BRDA:207,13,0,34
BRDA:207,13,1,112
BRF:25
BRH:24
end_of_record
TN:
SF:src/components/skeletons/ActivityFeedSkeleton.tsx
FN:28,ActivityFeedSkeleton
FN:41,(anonymous_2)
FNF:2
FNH:2
FNDA:7,ActivityFeedSkeleton
FNDA:17,(anonymous_2)
DA:3,1
DA:28,1
DA:29,7
DA:42,17
LF:4
LH:4
BRDA:28,0,0,1
BRF:1
BRH:1
end_of_record
TN:
SF:src/components/skeletons/MarketCardSkeleton.tsx
FN:19,MarketCardSkeleton
FNF:1
FNH:1
FNDA:6,MarketCardSkeleton
DA:3,1
DA:19,1
DA:20,6
LF:3
LH:3
BRF:0
BRH:0
end_of_record
TN:
SF:src/components/skeletons/MetricsSkeletons.tsx
FN:20,MetricsSkeletons
FN:24,(anonymous_2)
FNF:2
FNH:2
FNDA:7,MetricsSkeletons
FNDA:28,(anonymous_2)
DA:3,1
DA:20,1
DA:21,7
DA:25,28
LF:4
LH:4
BRF:0
BRH:0
end_of_record
TN:
SF:src/constants/contractErrors.ts
FN:125,mapContractError
FNF:1
FNH:1
FNDA:28,mapContractError
DA:29,1
DA:116,1
DA:125,1
DA:126,28
DA:127,108
DA:129,3
LF:6
LH:6
BRDA:127,0,0,25
BRF:1
BRH:1
end_of_record
TN:
SF:src/context/BettingSlipContext.tsx
FN:41,BettingSlipProvider
FN:45,(anonymous_1)
FN:46,(anonymous_2)
FN:49,(anonymous_3)
FN:57,(anonymous_4)
FN:58,(anonymous_5)
FN:68,(anonymous_6)
FN:69,(anonymous_7)
FN:69,(anonymous_8)
FN:72,(anonymous_9)
FN:81,useBettingSlip
FNF:11
FNH:11
FNDA:28,BettingSlipProvider
FNDA:2,(anonymous_1)
FNDA:1,(anonymous_2)
FNDA:21,(anonymous_3)
FNDA:21,(anonymous_4)
FNDA:29,(anonymous_5)
FNDA:1,(anonymous_6)
FNDA:1,(anonymous_7)
FNDA:2,(anonymous_8)
FNDA:1,(anonymous_9)
FNDA:33,useBettingSlip
DA:14,1
DA:16,1
DA:39,1
DA:41,1
DA:42,28
DA:43,28
DA:45,28
DA:46,28
DA:48,28
DA:51,21
DA:52,0
DA:53,0
DA:55,21
DA:57,21
DA:58,29
DA:59,21
DA:62,21
DA:63,21
DA:68,28
DA:69,2
DA:72,28
DA:74,28
DA:81,1
DA:82,33
DA:83,32
DA:84,28
LF:26
LH:24
BRDA:51,0,0,0
BRDA:83,1,0,4
BRF:2
BRH:1
end_of_record
TN:
SF:src/hooks/useBatchTransaction.ts
FN:72,loadAccount
FN:83,submitToHorizon
FN:105,parseOperationError
FN:108,(anonymous_3)
FN:115,useBatchTransaction
FN:128,(anonymous_5)
FN:136,(anonymous_6)
FN:144,(anonymous_7)
FN:191,(anonymous_8)
FN:195,(anonymous_9)
FNF:10
FNH:9
FNDA:26,loadAccount
FNDA:18,submitToHorizon
FNDA:14,parseOperationError
FNDA:4,(anonymous_3)
FNDA:58,useBatchTransaction
FNDA:28,(anonymous_5)
FNDA:34,(anonymous_6)
FNDA:0,(anonymous_7)
FNDA:20,(anonymous_8)
FNDA:20,(anonymous_9)
DA:19,2
DA:22,2
DA:33,2
DA:36,2
DA:39,2
DA:73,26
DA:74,26
DA:75,22
DA:76,22
DA:84,18
DA:85,18
DA:90,18
DA:91,18
DA:93,6
DA:94,6
DA:98,12
DA:106,14
DA:108,14
DA:109,14
DA:110,2
DA:112,12
DA:115,2
DA:118,58
DA:119,58
DA:120,58
DA:127,58
DA:129,28
DA:131,26
DA:132,26
DA:133,26
DA:136,34
DA:138,26
DA:140,26
DA:143,22
DA:144,0
DA:152,22
DA:153,30
DA:157,22
DA:158,22
DA:161,22
DA:164,20
DA:169,18
DA:171,12
DA:172,12
DA:173,12
DA:176,14
DA:177,14
DA:179,26
DA:190,58
DA:192,20
DA:195,20
DA:205,18
DA:210,58
LF:53
LH:52
BRDA:74,0,0,4
BRDA:91,1,0,6
BRDA:93,2,0,6
BRDA:93,2,1,2
BRDA:94,3,0,6
BRDA:94,3,1,0
BRDA:106,4,0,14
BRDA:106,4,1,8
BRDA:109,5,0,2
BRDA:109,6,0,14
BRDA:109,6,1,2
BRDA:112,7,0,12
BRDA:112,7,1,0
BRDA:129,8,0,2
BRDA:136,9,0,34
BRDA:136,9,1,0
BRDA:161,10,0,2
BRDA:192,11,0,2
BRF:18
BRH:15
end_of_record
TN:
SF:src/hooks/useFormPersistence.ts
FN:34,storageKey
FN:39,readPersistedForm
FN:52,writePersistedForm
FN:62,clearPersistedForm
FN:84,useFormPersistence
FN:86,(anonymous_5)
FN:90,(anonymous_6)
FN:94,(anonymous_7)
FN:103,(anonymous_8)
FN:105,(anonymous_9)
FN:108,(anonymous_10)
FN:114,(anonymous_11)
FN:121,(anonymous_12)
FNF:13
FNH:1
FNDA:5,storageKey
FNDA:0,readPersistedForm
FNDA:0,writePersistedForm
FNDA:0,clearPersistedForm
FNDA:0,useFormPersistence
FNDA:0,(anonymous_5)
FNDA:0,(anonymous_6)
FNDA:0,(anonymous_7)
FNDA:0,(anonymous_8)
FNDA:0,(anonymous_9)
FNDA:0,(anonymous_10)
FNDA:0,(anonymous_11)
FNDA:0,(anonymous_12)
DA:21,1
DA:30,1
DA:31,1
DA:34,1
DA:35,5
DA:39,1
DA:40,0
DA:41,0
DA:42,0
DA:43,0
DA:44,0
DA:47,0
DA:52,1
DA:53,0
DA:54,0
DA:55,0
DA:62,1
DA:63,0
DA:64,0
DA:67,1
DA:84,1
DA:86,0
DA:87,0
DA:88,0
DA:90,0
DA:91,0
DA:92,0
DA:94,0
DA:95,0
DA:96,0
DA:100,0
DA:103,0
DA:104,0
DA:105,0
DA:106,0
DA:108,0
DA:109,0
DA:114,0
DA:115,0
DA:116,0
DA:117,0
DA:118,0
DA:121,0
DA:123,0
DA:124,0
DA:125,0
DA:126,0
DA:129,0
LF:48
LH:10
BRDA:40,0,0,0
BRDA:43,1,0,0
BRDA:53,2,0,0
BRDA:63,3,0,0
BRDA:88,4,0,0
BRDA:88,4,1,0
BRDA:92,5,0,0
BRDA:92,5,1,0
BRDA:96,6,0,0
BRDA:96,6,1,0
BRDA:104,7,0,0
BRDA:109,8,0,0
BRDA:116,9,0,0
BRDA:116,9,1,0
BRDA:117,10,0,0
BRDA:117,10,1,0
BRDA:118,11,0,0
BRDA:118,11,1,0
BRF:18
BRH:0
end_of_record
TN:
SF:src/hooks/useRecentActivity.ts
FN:14,formatWallet
FN:20,formatRelativeTime
FN:30,mapActivityItem
FN:40,useRecentActivity
FN:46,(anonymous_4)
FN:49,poll
FN:57,(anonymous_6)
FN:58,(anonymous_7)
FN:70,(anonymous_8)
FN:77,(anonymous_9)
FN:79,(anonymous_10)
FN:80,(anonymous_11)
FNF:12
FNH:3
FNDA:1327,formatWallet
FNDA:1328,formatRelativeTime
FNDA:7,mapActivityItem
FNDA:0,useRecentActivity
FNDA:0,(anonymous_4)
FNDA:0,poll
FNDA:0,(anonymous_6)
FNDA:0,(anonymous_7)
FNDA:0,(anonymous_8)
FNDA:0,(anonymous_9)
FNDA:0,(anonymous_10)
FNDA:0,(anonymous_11)
DA:1,2
DA:14,2
DA:15,1327
DA:16,1325
DA:20,2
DA:21,1328
DA:22,1328
DA:23,1034
DA:24,128
DA:25,2
DA:26,1
DA:30,2
DA:31,7
DA:38,2
DA:40,2
DA:41,0
DA:42,0
DA:43,0
DA:44,0
DA:46,0
DA:47,0
DA:50,0
DA:51,0
DA:52,0
DA:53,0
DA:54,0
DA:56,0
DA:57,0
DA:58,0
DA:60,0
DA:61,0
DA:62,0
DA:64,0
DA:68,0
DA:69,0
DA:70,0
DA:71,0
DA:72,0
DA:77,0
DA:78,0
DA:79,0
DA:80,0
DA:83,0
LF:43
LH:15
BRDA:15,0,0,2
BRDA:15,1,0,1327
BRDA:15,1,1,1326
BRDA:22,2,0,294
BRDA:23,3,0,906
BRDA:24,4,0,126
BRDA:25,5,0,1
BRDA:34,6,0,6
BRDA:34,6,1,1
BRDA:40,7,0,0
BRDA:52,8,0,0
BRDA:54,9,0,0
BRDA:56,10,0,0
BRDA:56,10,1,0
BRDA:62,11,0,0
BRDA:64,12,0,0
BRDA:78,13,0,0
BRF:17
BRH:9
end_of_record
TN:
SF:src/hooks/useTheme.ts
FN:5,useTheme
FN:8,(anonymous_1)
FN:23,(anonymous_2)
FN:24,(anonymous_3)
FNF:4
FNH:4
FNDA:11,useTheme
FNDA:6,(anonymous_1)
FNDA:2,(anonymous_2)
FNDA:2,(anonymous_3)
DA:1,1
DA:5,1
DA:6,11
DA:8,11
DA:10,6
DA:11,6
DA:14,6
DA:15,6
DA:16,3
DA:19,6
DA:20,6
DA:23,11
DA:24,2
DA:25,2
DA:26,2
DA:27,2
DA:28,2
DA:32,11
LF:18
LH:18
BRDA:11,0,0,2
BRDA:11,0,1,4
BRDA:15,1,0,3
BRDA:25,2,0,1
BRDA:25,2,1,1
BRF:5
BRH:5
end_of_record
TN:
SF:src/lib/monitoring.ts
FN:26,logContractError
FN:28,(anonymous_10)
FNF:2
FNH:2
FNDA:9,logContractError
FNDA:9,(anonymous_10)
DA:11,1
DA:26,1
DA:27,9
DA:28,9
DA:30,9
DA:32,9
DA:33,9
DA:36,9
DA:37,0
DA:40,9
DA:41,9
DA:44,9
DA:48,0
LF:13
LH:11
BRDA:26,0,0,0
BRDA:32,1,0,9
BRDA:36,2,0,0
BRDA:40,3,0,9
BRF:4
BRH:2
end_of_record
TN:
SF:src/store/contractErrorSlice.ts
FN:35,(anonymous_0)
FN:46,(anonymous_1)
FNF:2
FNH:2
FNDA:13,(anonymous_0)
FNDA:1,(anonymous_1)
DA:12,1
DA:24,1
DA:31,1
DA:39,13
DA:40,13
DA:41,13
DA:43,13
DA:44,13
DA:47,1
DA:48,1
DA:49,1
DA:50,1
DA:55,1
DA:56,1
LF:14
LH:14
BRDA:40,0,0,13
BRDA:40,0,1,4
BRDA:44,1,0,12
BRDA:44,1,1,1
BRF:4
BRH:4
end_of_record
TN:
SF:src/utils/marketDiscovery.ts
FN:63,detectCategory
FN:66,(anonymous_1)
FN:79,isMarketHot
FN:91,rankMarkets
FN:97,(anonymous_4)
FN:98,(anonymous_5)
FN:121,(anonymous_6)
FNF:7
FNH:7
FNDA:12,detectCategory
FNDA:247,(anonymous_1)
FNDA:46,isMarketHot
FNDA:11,rankMarkets
FNDA:48,(anonymous_4)
FNDA:40,(anonymous_5)
FNDA:62,(anonymous_6)
DA:55,1
DA:63,1
DA:64,12
DA:65,12
DA:66,247
DA:68,0
DA:79,1
DA:80,46
DA:81,44
DA:91,1
DA:96,11
DA:97,48
DA:100,40
DA:111,40
DA:113,40
DA:121,11
DA:122,62
DA:123,1
DA:126,11
LF:19
LH:18
BRDA:66,0,0,12
BRDA:80,1,0,2
BRDA:94,2,0,6
BRDA:100,3,0,40
BRDA:100,3,1,38
BRDA:122,4,0,61
BRF:6
BRH:6
end_of_record
TN:
SF:src/utils/poolOwnership.ts
FN:33,abbreviateWallet
FN:50,buildOwnershipSlices
FN:66,(anonymous_2)
FN:75,(anonymous_3)
FN:78,(anonymous_4)
FN:79,(anonymous_5)
FN:84,(anonymous_6)
FNF:7
FNH:7
FNDA:24,abbreviateWallet
FNDA:14,buildOwnershipSlices
FNDA:19,(anonymous_2)
FNDA:11,(anonymous_3)
FNDA:19,(anonymous_4)
FNDA:19,(anonymous_5)
FNDA:3,(anonymous_6)
DA:11,1
DA:33,1
DA:34,24
DA:35,21
DA:50,1
DA:54,14
DA:57,11
DA:58,11
DA:59,23
DA:60,23
DA:61,20
DA:65,11
DA:66,19
DA:75,11
DA:78,19
DA:79,19
DA:81,11
DA:84,3
DA:85,2
DA:92,2
LF:20
LH:20
BRDA:34,0,0,3
BRDA:54,1,0,3
BRDA:54,2,0,14
BRDA:54,2,1,13
BRDA:59,3,0,22
BRDA:59,3,1,1
BRDA:60,4,0,3
BRDA:60,5,0,23
BRDA:60,5,1,22
BRDA:61,6,0,20
BRDA:61,6,1,19
BRDA:81,7,0,9
BRF:12
BRH:12
end_of_record
TN:
SF:src/utils/simulatorCalc.ts
FN:34,calculateSimulator
FNF:1
FNH:1
FNDA:37,calculateSimulator
DA:34,2
DA:40,37
DA:48,7
DA:52,30
DA:55,30
DA:58,30
DA:61,30
DA:63,30
LF:8
LH:8
BRDA:40,0,0,7
BRDA:41,1,0,37
BRDA:41,1,1,35
BRDA:41,1,2,35
BRDA:41,1,3,33
BRDA:41,1,4,31
BRDA:41,1,5,31
BRF:7
BRH:7
end_of_record
TN:
SF:src/utils/slippageCalc.ts
FN:25,toStroops
FN:44,calcPayoutStroops
FN:77,isSlippageExceeded
FN:103,stroopsToXlm
FNF:4
FNH:4
FNDA:60,toStroops
FNDA:10,calcPayoutStroops
FNDA:15,isSlippageExceeded
FNDA:8,stroopsToXlm
DA:19,1
DA:25,1
DA:26,60
DA:44,1
DA:50,10
DA:51,4
DA:54,6
DA:58,6
DA:77,1
DA:83,15
DA:86,14
DA:88,12
DA:93,12
DA:94,12
DA:96,12
DA:103,1
DA:104,8
LF:17
LH:17
BRDA:50,0,0,4
BRDA:50,1,0,10
BRDA:50,1,1,8
BRDA:50,1,2,6
BRDA:83,2,0,1
BRDA:86,3,0,2
BRF:6
BRH:6
end_of_record
TN:
SF:src/utils/trustline.ts
FN:51,hasTrustline
FN:59,(anonymous_10)
FN:82,(anonymous_11)
FN:107,buildTrustlineXdr
FN:139,submitTrustlineTx
FN:141,(anonymous_14)
FNF:6
FNH:5
FNDA:11,hasTrustline
FNDA:0,(anonymous_10)
FNDA:8,(anonymous_11)
FNDA:1,buildTrustlineXdr
FNDA:1,submitTrustlineTx
FNDA:1,(anonymous_14)
DA:27,1
DA:41,1
DA:42,1
DA:51,1
DA:56,11
DA:58,10
DA:59,10
DA:61,10
DA:62,10
DA:67,8
DA:69,2
DA:70,1
DA:73,6
DA:81,6
DA:83,8
DA:87,2
DA:88,0
DA:90,2
DA:92,9
DA:107,1
DA:111,1
DA:114,1
DA:116,0
DA:118,0
DA:130,0
DA:139,1
DA:140,1
DA:141,2
DA:142,1
DA:143,0
LF:30
LH:25
BRDA:56,0,0,1
BRDA:56,1,0,11
BRDA:56,1,1,1
BRDA:67,2,0,2
BRDA:69,3,0,1
BRDA:83,4,0,8
BRDA:83,4,1,3
BRDA:87,5,0,0
BRF:8
BRH:7
end_of_record
