<?xml version="1.0" encoding="UTF-8"?>
<coverage generated="1774828441064" clover="3.2.0">
  <project timestamp="1774828441064" name="All files">
    <metrics statements="77" coveredstatements="77" conditionals="56" coveredconditionals="52" methods="5" coveredmethods="5" elements="138" coveredelements="134" complexity="0" loc="77" ncloc="77" packages="1" files="1" classes="1"/>
    <file name="marketValidation.js" path="C:\Users\Samsung\Desktop\drpsss4\Stellar-PolyMarket\backend\src\middleware\marketValidation.js">
      <metrics statements="77" coveredstatements="77" conditionals="56" coveredconditionals="52" methods="5" coveredmethods="5"/>
      <line num="12" count="1" type="stmt"/>
      <line num="13" count="1" type="stmt"/>
      <line num="14" count="1" type="stmt"/>
      <line num="17" count="1" type="stmt"/>
      <line num="64" count="36" type="stmt"/>
      <line num="68" count="36" type="cond" truecount="4" falsecount="0"/>
      <line num="69" count="5" type="stmt"/>
      <line num="77" count="5" type="stmt"/>
      <line num="88" count="31" type="cond" truecount="6" falsecount="0"/>
      <line num="89" count="4" type="stmt"/>
      <line num="97" count="4" type="stmt"/>
      <line num="108" count="27" type="stmt"/>
      <line num="109" count="27" type="stmt"/>
      <line num="110" count="27" type="stmt"/>
      <line num="111" count="27" type="stmt"/>
      <line num="113" count="27" type="cond" truecount="2" falsecount="0"/>
      <line num="119" count="4" type="stmt"/>
      <line num="128" count="4" type="stmt"/>
      <line num="140" count="23" type="stmt"/>
      <line num="141" count="23" type="stmt"/>
      <line num="143" count="23" type="cond" truecount="1" falsecount="1"/>
      <line num="144" count="23" type="stmt"/>
      <line num="146" count="56" type="cond" truecount="1" falsecount="1"/>
      <line num="148" count="56" type="cond" truecount="2" falsecount="0"/>
      <line num="149" count="3" type="stmt"/>
      <line num="150" count="53" type="cond" truecount="2" falsecount="0"/>
      <line num="151" count="1" type="stmt"/>
      <line num="154" count="56" type="stmt"/>
      <line num="155" count="56" type="cond" truecount="4" falsecount="0"/>
      <line num="156" count="2" type="stmt"/>
      <line num="158" count="56" type="cond" truecount="2" falsecount="0"/>
      <line num="162" count="23" type="cond" truecount="2" falsecount="0"/>
      <line num="163" count="5" type="stmt"/>
      <line num="171" count="5" type="stmt"/>
      <line num="179" count="18" type="stmt"/>
      <line num="180" count="18" type="stmt"/>
      <line num="185" count="16" type="cond" truecount="2" falsecount="0"/>
      <line num="186" count="3" type="stmt"/>
      <line num="195" count="3" type="stmt"/>
      <line num="204" count="2" type="stmt"/>
      <line num="205" count="2" type="stmt"/>
      <line num="209" count="13" type="stmt"/>
      <line num="210" count="13" type="stmt"/>
      <line num="223" count="4" type="stmt"/>
      <line num="226" count="4" type="cond" truecount="2" falsecount="0"/>
      <line num="227" count="1" type="stmt"/>
      <line num="231" count="1" type="stmt"/>
      <line num="236" count="3" type="stmt"/>
      <line num="237" count="3" type="stmt"/>
      <line num="238" count="3" type="stmt"/>
      <line num="240" count="3" type="stmt"/>
      <line num="242" count="3" type="stmt"/>
      <line num="245" count="2" type="cond" truecount="2" falsecount="0"/>
      <line num="246" count="1" type="stmt"/>
      <line num="250" count="2" type="stmt"/>
      <line num="253" count="2" type="cond" truecount="2" falsecount="0"/>
      <line num="254" count="1" type="stmt"/>
      <line num="265" count="1" type="stmt"/>
      <line num="285" count="1" type="stmt"/>
      <line num="286" count="1" type="stmt"/>
      <line num="287" count="1" type="stmt"/>
      <line num="289" count="1" type="stmt"/>
      <line num="298" count="1" type="stmt"/>
      <line num="300" count="1" type="stmt"/>
      <line num="304" count="1" type="stmt"/>
      <line num="305" count="1" type="stmt"/>
      <line num="315" count="3" type="cond" truecount="1" falsecount="1"/>
      <line num="316" count="6" type="cond" truecount="1" falsecount="1"/>
      <line num="319" count="3" type="stmt"/>
      <line num="321" count="3" type="stmt"/>
      <line num="323" count="3" type="stmt"/>
      <line num="325" count="2" type="cond" truecount="2" falsecount="0"/>
      <line num="326" count="1" type="stmt"/>
      <line num="332" count="1" type="stmt"/>
      <line num="334" count="1" type="stmt"/>
      <line num="335" count="1" type="stmt"/>
      <line num="345" count="1" type="stmt"/>
    </file>
  </project>
</coverage>
