{"/home/afolarinwa-soleye/Desktop/Stellar-PolyMarket/backend/src/utils/logger.js": {"path":"/home/afolarinwa-soleye/Desktop/Stellar-PolyMarket/backend/src/utils/logger.js","statementMap":{"0":{"start":{"line":1,"column":13},"end":{"line":1,"column":28}},"1":{"start":{"line":15,"column":15},"end":{"line":36,"column":2}},"2":{"start":{"line":19,"column":6},"end":{"line":19,"column":44}},"3":{"start":{"line":44,"column":2},"end":{"line":44,"column":32}},"4":{"start":{"line":47,"column":0},"end":{"line":47,"column":24}},"5":{"start":{"line":48,"column":0},"end":{"line":48,"column":53}}},"fnMap":{"0":{"name":"(anonymous_0)","decl":{"start":{"line":18,"column":11},"end":{"line":18,"column":12}},"loc":{"start":{"line":18,"column":22},"end":{"line":20,"column":5}},"line":18},"1":{"name":"createChildLogger","decl":{"start":{"line":43,"column":9},"end":{"line":43,"column":26}},"loc":{"start":{"line":43,"column":37},"end":{"line":45,"column":1}},"line":43}},"branchMap":{"0":{"loc":{"start":{"line":16,"column":9},"end":{"line":16,"column":40}},"type":"binary-expr","locations":[{"start":{"line":16,"column":9},"end":{"line":16,"column":30}},{"start":{"line":16,"column":34},"end":{"line":16,"column":40}}],"line":16},"1":{"loc":{"start":{"line":25,"column":17},"end":{"line":25,"column":54}},"type":"binary-expr","locations":[{"start":{"line":25,"column":17},"end":{"line":25,"column":37}},{"start":{"line":25,"column":41},"end":{"line":25,"column":54}}],"line":25},"2":{"loc":{"start":{"line":28,"column":13},"end":{"line":35,"column":3}},"type":"cond-expr","locations":[{"start":{"line":28,"column":53},"end":{"line":28,"column":62}},{"start":{"line":28,"column":65},"end":{"line":35,"column":3}}],"line":28}},"s":{"0":1,"1":1,"2":6,"3":0,"4":1,"5":1},"f":{"0":6,"1":0},"b":{"0":[1,1],"1":[1,0],"2":[0,1]},"_coverageSchema":"1a1c01bbd47fc00a2c39e90264f33305004495a9","hash":"e6a207c5a173009ad3fcab28ee65b41c37219184"}
,"/home/afolarinwa-soleye/Desktop/Stellar-PolyMarket/backend/src/workers/whale-watcher.js": {"path":"/home/afolarinwa-soleye/Desktop/Stellar-PolyMarket/backend/src/workers/whale-watcher.js","statementMap":{"0":{"start":{"line":1,"column":14},"end":{"line":1,"column":30}},"1":{"start":{"line":2,"column":15},"end":{"line":2,"column":41}},"2":{"start":{"line":8,"column":24},"end":{"line":8,"column":104}},"3":{"start":{"line":17,"column":22},"end":{"line":17,"column":38}},"4":{"start":{"line":19,"column":4},"end":{"line":21,"column":5}},"5":{"start":{"line":20,"column":8},"end":{"line":20,"column":21}},"6":{"start":{"line":23,"column":4},"end":{"line":32,"column":5}},"7":{"start":{"line":24,"column":8},"end":{"line":28,"column":42}},"8":{"start":{"line":30,"column":8},"end":{"line":30,"column":65}},"9":{"start":{"line":31,"column":8},"end":{"line":31,"column":20}},"10":{"start":{"line":34,"column":4},"end":{"line":34,"column":17}},"11":{"start":{"line":41,"column":24},"end":{"line":41,"column":55}},"12":{"start":{"line":43,"column":4},"end":{"line":46,"column":5}},"13":{"start":{"line":44,"column":8},"end":{"line":44,"column":75}},"14":{"start":{"line":45,"column":8},"end":{"line":45,"column":15}},"15":{"start":{"line":48,"column":20},"end":{"line":54,"column":5}},"16":{"start":{"line":56,"column":4},"end":{"line":61,"column":5}},"17":{"start":{"line":57,"column":8},"end":{"line":57,"column":47}},"18":{"start":{"line":58,"column":8},"end":{"line":58,"column":86}},"19":{"start":{"line":60,"column":8},"end":{"line":60,"column":81}},"20":{"start":{"line":64,"column":0},"end":{"line":68,"column":2}}},"fnMap":{"0":{"name":"checkWhaleTransaction","decl":{"start":{"line":16,"column":15},"end":{"line":16,"column":36}},"loc":{"start":{"line":16,"column":70},"end":{"line":35,"column":1}},"line":16},"1":{"name":"triggerWebhook","decl":{"start":{"line":40,"column":15},"end":{"line":40,"column":29}},"loc":{"start":{"line":40,"column":63},"end":{"line":62,"column":1}},"line":40}},"branchMap":{"0":{"loc":{"start":{"line":8,"column":24},"end":{"line":8,"column":104}},"type":"binary-expr","locations":[{"start":{"line":8,"column":24},"end":{"line":8,"column":96}},{"start":{"line":8,"column":100},"end":{"line":8,"column":104}}],"line":8},"1":{"loc":{"start":{"line":8,"column":33},"end":{"line":8,"column":95}},"type":"binary-expr","locations":[{"start":{"line":8,"column":33},"end":{"line":8,"column":60}},{"start":{"line":8,"column":64},"end":{"line":8,"column":95}}],"line":8},"2":{"loc":{"start":{"line":19,"column":4},"end":{"line":21,"column":5}},"type":"if","locations":[{"start":{"line":19,"column":4},"end":{"line":21,"column":5}},{"start":{},"end":{}}],"line":19},"3":{"loc":{"start":{"line":23,"column":4},"end":{"line":32,"column":5}},"type":"if","locations":[{"start":{"line":23,"column":4},"end":{"line":32,"column":5}},{"start":{},"end":{}}],"line":23},"4":{"loc":{"start":{"line":43,"column":4},"end":{"line":46,"column":5}},"type":"if","locations":[{"start":{"line":43,"column":4},"end":{"line":46,"column":5}},{"start":{},"end":{}}],"line":43}},"s":{"0":1,"1":1,"2":1,"3":4,"4":4,"5":1,"6":3,"7":2,"8":2,"9":2,"10":1,"11":3,"12":3,"13":1,"14":1,"15":2,"16":2,"17":2,"18":1,"19":1,"20":1},"f":{"0":4,"1":3},"b":{"0":[1,1],"1":[1,1],"2":[1,3],"3":[2,1],"4":[1,2]},"_coverageSchema":"1a1c01bbd47fc00a2c39e90264f33305004495a9","hash":"e3b2a5233b5e96954faa5dc1e8199e324df58073"}
}
