{"/home/jamilah/Documents/Limit/Stellar-PolyMarket/backend/scripts/seed.js": {"path":"/home/jamilah/Documents/Limit/Stellar-PolyMarket/backend/scripts/seed.js","statementMap":{"0":{"start":{"line":1,"column":23},"end":{"line":1,"column":43}},"1":{"start":{"line":4,"column":2},"end":{"line":56,"column":3}},"2":{"start":{"line":5,"column":4},"end":{"line":5,"column":48}},"3":{"start":{"line":8,"column":23},"end":{"line":14,"column":5}},"4":{"start":{"line":16,"column":4},"end":{"line":22,"column":5}},"5":{"start":{"line":17,"column":25},"end":{"line":17,"column":82}},"6":{"start":{"line":18,"column":6},"end":{"line":21,"column":7}},"7":{"start":{"line":19,"column":8},"end":{"line":19,"column":55}},"8":{"start":{"line":20,"column":8},"end":{"line":20,"column":51}},"9":{"start":{"line":25,"column":18},"end":{"line":28,"column":5}},"10":{"start":{"line":30,"column":4},"end":{"line":33,"column":5}},"11":{"start":{"line":31,"column":6},"end":{"line":31,"column":78}},"12":{"start":{"line":32,"column":6},"end":{"line":32,"column":64}},"13":{"start":{"line":36,"column":20},"end":{"line":44,"column":5}},"14":{"start":{"line":46,"column":4},"end":{"line":49,"column":5}},"15":{"start":{"line":47,"column":6},"end":{"line":47,"column":75}},"16":{"start":{"line":48,"column":6},"end":{"line":48,"column":61}},"17":{"start":{"line":51,"column":4},"end":{"line":51,"column":48}},"18":{"start":{"line":52,"column":4},"end":{"line":52,"column":20}},"19":{"start":{"line":54,"column":4},"end":{"line":54,"column":44}},"20":{"start":{"line":55,"column":4},"end":{"line":55,"column":20}},"21":{"start":{"line":59,"column":0},"end":{"line":59,"column":26}},"22":{"start":{"line":61,"column":0},"end":{"line":63,"column":1}},"23":{"start":{"line":62,"column":2},"end":{"line":62,"column":9}}},"fnMap":{"0":{"name":"seed","decl":{"start":{"line":3,"column":15},"end":{"line":3,"column":19}},"loc":{"start":{"line":3,"column":22},"end":{"line":57,"column":1}},"line":3}},"branchMap":{"0":{"loc":{"start":{"line":18,"column":6},"end":{"line":21,"column":7}},"type":"if","locations":[{"start":{"line":18,"column":6},"end":{"line":21,"column":7}},{"start":{},"end":{}}],"line":18},"1":{"loc":{"start":{"line":61,"column":0},"end":{"line":63,"column":1}},"type":"if","locations":[{"start":{"line":61,"column":0},"end":{"line":63,"column":1}},{"start":{},"end":{}}],"line":61}},"s":{"0":1,"1":2,"2":2,"3":2,"4":2,"5":6,"6":5,"7":4,"8":4,"9":1,"10":1,"11":2,"12":2,"13":1,"14":1,"15":1,"16":1,"17":1,"18":1,"19":1,"20":1,"21":1,"22":1,"23":0},"f":{"0":2},"b":{"0":[4,1],"1":[0,1]},"_coverageSchema":"1a1c01bbd47fc00a2c39e90264f33305004495a9","hash":"113d606a328ec5ec8c681eaf39e276463452aa5d"}
,"/home/jamilah/Documents/Limit/Stellar-PolyMarket/backend/src/db/utils.js": {"path":"/home/jamilah/Documents/Limit/Stellar-PolyMarket/backend/src/db/utils.js","statementMap":{"0":{"start":{"line":1,"column":23},"end":{"line":1,"column":39}},"1":{"start":{"line":2,"column":15},"end":{"line":2,"column":37}},"2":{"start":{"line":9,"column":20},"end":{"line":11,"column":64}},"3":{"start":{"line":13,"column":2},"end":{"line":13,"column":30}},"4":{"start":{"line":13,"column":15},"end":{"line":13,"column":30}},"5":{"start":{"line":15,"column":23},"end":{"line":17,"column":16}},"6":{"start":{"line":19,"column":2},"end":{"line":19,"column":20}},"7":{"start":{"line":26,"column":20},"end":{"line":29,"column":16}},"8":{"start":{"line":30,"column":2},"end":{"line":30,"column":17}},"9":{"start":{"line":37,"column":2},"end":{"line":37,"column":89}},"10":{"start":{"line":41,"column":16},"end":{"line":43,"column":16}},"11":{"start":{"line":44,"column":2},"end":{"line":44,"column":13}},"12":{"start":{"line":51,"column":19},"end":{"line":53,"column":53}},"13":{"start":{"line":54,"column":2},"end":{"line":54,"column":16}},"14":{"start":{"line":58,"column":21},"end":{"line":60,"column":53}},"15":{"start":{"line":62,"column":2},"end":{"line":68,"column":3}},"16":{"start":{"line":63,"column":22},"end":{"line":66,"column":18}},"17":{"start":{"line":67,"column":4},"end":{"line":67,"column":19}},"18":{"start":{"line":70,"column":22},"end":{"line":72,"column":16}},"19":{"start":{"line":73,"column":2},"end":{"line":73,"column":19}},"20":{"start":{"line":76,"column":0},"end":{"line":83,"column":2}}},"fnMap":{"0":{"name":"getOrCreateUserProfile","decl":{"start":{"line":8,"column":15},"end":{"line":8,"column":37}},"loc":{"start":{"line":8,"column":53},"end":{"line":20,"column":1}},"line":8},"1":{"name":"updateUserProfile","decl":{"start":{"line":25,"column":15},"end":{"line":25,"column":32}},"loc":{"start":{"line":25,"column":54},"end":{"line":31,"column":1}},"line":25},"2":{"name":"getAllCategories","decl":{"start":{"line":36,"column":15},"end":{"line":36,"column":31}},"loc":{"start":{"line":36,"column":34},"end":{"line":38,"column":1}},"line":36},"3":{"name":"addCategory","decl":{"start":{"line":40,"column":15},"end":{"line":40,"column":26}},"loc":{"start":{"line":40,"column":62},"end":{"line":45,"column":1}},"line":40},"4":{"name":"getMarketByContractId","decl":{"start":{"line":50,"column":15},"end":{"line":50,"column":36}},"loc":{"start":{"line":50,"column":49},"end":{"line":55,"column":1}},"line":50},"5":{"name":"upsertMarketMetadata","decl":{"start":{"line":57,"column":15},"end":{"line":57,"column":35}},"loc":{"start":{"line":57,"column":58},"end":{"line":74,"column":1}},"line":57}},"branchMap":{"0":{"loc":{"start":{"line":13,"column":2},"end":{"line":13,"column":30}},"type":"if","locations":[{"start":{"line":13,"column":2},"end":{"line":13,"column":30}},{"start":{},"end":{}}],"line":13},"1":{"loc":{"start":{"line":62,"column":2},"end":{"line":68,"column":3}},"type":"if","locations":[{"start":{"line":62,"column":2},"end":{"line":68,"column":3}},{"start":{},"end":{}}],"line":62}},"s":{"0":1,"1":1,"2":2,"3":2,"4":1,"5":1,"6":1,"7":1,"8":1,"9":1,"10":1,"11":1,"12":1,"13":1,"14":2,"15":2,"16":1,"17":1,"18":1,"19":1,"20":1},"f":{"0":2,"1":1,"2":1,"3":1,"4":1,"5":2},"b":{"0":[1,1],"1":[1,1]},"_coverageSchema":"1a1c01bbd47fc00a2c39e90264f33305004495a9","hash":"8604556c28d0b9c221c46670898f6e2b745a3833"}
}
