TN:
SF:src/routes/status.js
FN:13,pingStellar
FN:36,pingDatabase
FN:58,(anonymous_2)
FNF:3
FNH:3
FNDA:4,pingStellar
FNDA:4,pingDatabase
FNDA:4,(anonymous_2)
DA:1,1
DA:2,1
DA:3,1
DA:4,1
DA:5,1
DA:8,1
DA:14,4
DA:15,4
DA:16,4
DA:18,4
DA:19,2
DA:24,2
DA:25,2
DA:37,4
DA:38,4
DA:39,4
DA:40,2
DA:45,2
DA:46,2
DA:58,1
DA:60,4
DA:63,4
DA:69,4
DA:70,4
DA:71,1
DA:72,3
DA:73,2
DA:76,4
DA:87,4
DA:89,4
DA:92,1
LF:31
LH:31
BRDA:8,0,0,1
BRDA:8,0,1,1
BRDA:70,1,0,1
BRDA:70,1,1,3
BRDA:70,2,0,4
BRDA:70,2,1,2
BRDA:72,3,0,2
BRDA:72,3,1,1
BRDA:72,4,0,3
BRDA:72,4,1,2
BRDA:87,5,0,1
BRDA:87,5,1,3
BRF:12
BRH:12
end_of_record
TN:
SF:src/utils/logger.js
FN:18,(anonymous_0)
FN:43,createChildLogger
FNF:2
FNH:1
FNDA:6,(anonymous_0)
FNDA:0,createChildLogger
DA:1,1
DA:15,1
DA:19,6
DA:44,0
DA:47,1
DA:48,1
LF:6
LH:5
BRDA:16,0,0,1
BRDA:16,0,1,1
BRDA:25,1,0,1
BRDA:25,1,1,0
BRDA:28,2,0,0
BRDA:28,2,1,1
BRF:6
BRH:4
end_of_record
