TN:
SF:src\middleware\marketValidation.js
FN:63,validateMarket
FN:144,(anonymous_1)
FN:222,rateLimitMarketCreation
FN:313,validateMarketCreation
FN:316,(anonymous_4)
FNF:5
FNH:5
FNDA:36,validateMarket
FNDA:56,(anonymous_1)
FNDA:4,rateLimitMarketCreation
FNDA:3,validateMarketCreation
FNDA:6,(anonymous_4)
DA:12,1
DA:13,1
DA:14,1
DA:17,1
DA:64,36
DA:68,36
DA:69,5
DA:77,5
DA:88,31
DA:89,4
DA:97,4
DA:108,27
DA:109,27
DA:110,27
DA:111,27
DA:113,27
DA:119,4
DA:128,4
DA:140,23
DA:141,23
DA:143,23
DA:144,23
DA:146,56
DA:148,56
DA:149,3
DA:150,53
DA:151,1
DA:154,56
DA:155,56
DA:156,2
DA:158,56
DA:162,23
DA:163,5
DA:171,5
DA:179,18
DA:180,18
DA:185,16
DA:186,3
DA:195,3
DA:204,2
DA:205,2
DA:209,13
DA:210,13
DA:223,4
DA:226,4
DA:227,1
DA:231,1
DA:236,3
DA:237,3
DA:238,3
DA:240,3
DA:242,3
DA:245,2
DA:246,1
DA:250,2
DA:253,2
DA:254,1
DA:265,1
DA:285,1
DA:286,1
DA:287,1
DA:289,1
DA:298,1
DA:300,1
DA:304,1
DA:305,1
DA:315,3
DA:316,6
DA:319,3
DA:321,3
DA:323,3
DA:325,2
DA:326,1
DA:332,1
DA:334,1
DA:335,1
DA:345,1
LF:77
LH:77
BRDA:68,0,0,5
BRDA:68,0,1,31
BRDA:68,1,0,36
BRDA:68,1,1,34
BRDA:71,2,0,5
BRDA:71,2,1,2
BRDA:80,3,0,5
BRDA:80,3,1,2
BRDA:88,4,0,4
BRDA:88,4,1,27
BRDA:88,5,0,31
BRDA:88,5,1,30
BRDA:88,5,2,30
BRDA:88,5,3,28
BRDA:91,6,0,4
BRDA:91,6,1,2
BRDA:100,7,0,4
BRDA:100,7,1,2
BRDA:113,8,0,4
BRDA:113,8,1,23
BRDA:114,9,0,27
BRDA:114,9,1,26
BRDA:114,9,2,24
BRDA:114,9,3,24
BRDA:122,10,0,1
BRDA:122,10,1,3
BRDA:143,11,0,23
BRDA:143,11,1,0
BRDA:146,12,0,56
BRDA:146,12,1,0
BRDA:148,13,0,3
BRDA:148,13,1,53
BRDA:150,14,0,1
BRDA:150,14,1,52
BRDA:155,15,0,2
BRDA:155,15,1,54
BRDA:155,16,0,56
BRDA:155,16,1,53
BRDA:158,17,0,53
BRDA:158,17,1,3
BRDA:162,18,0,5
BRDA:162,18,1,18
BRDA:185,19,0,3
BRDA:185,19,1,13
BRDA:226,20,0,1
BRDA:226,20,1,3
BRDA:245,21,0,1
BRDA:245,21,1,1
BRDA:253,22,0,1
BRDA:253,22,1,1
BRDA:315,23,0,3
BRDA:315,23,1,0
BRDA:316,24,0,6
BRDA:316,24,1,0
BRDA:325,25,0,1
BRDA:325,25,1,1
BRF:56
BRH:52
end_of_record
