{"/project/workspace/backend/src/routes/health/protocolHealth.js": {"path":"/project/workspace/backend/src/routes/health/protocolHealth.js","statementMap":{"0":{"start":{"line":10,"column":16},"end":{"line":10,"column":34}},"1":{"start":{"line":11,"column":15},"end":{"line":11,"column":31}},"2":{"start":{"line":13,"column":30},"end":{"line":13,"column":77}},"3":{"start":{"line":14,"column":35},"end":{"line":14,"column":78}},"4":{"start":{"line":17,"column":0},"end":{"line":52,"column":3}},"5":{"start":{"line":18,"column":2},"end":{"line":51,"column":3}},"6":{"start":{"line":19,"column":20},"end":{"line":19,"column":45}},"7":{"start":{"line":22,"column":4},"end":{"line":22,"column":26}},"8":{"start":{"line":24,"column":4},"end":{"line":44,"column":7}},"9":{"start":{"line":46,"column":4},"end":{"line":46,"column":60}},"10":{"start":{"line":47,"column":4},"end":{"line":50,"column":7}},"11":{"start":{"line":55,"column":0},"end":{"line":67,"column":3}},"12":{"start":{"line":56,"column":2},"end":{"line":66,"column":3}},"13":{"start":{"line":58,"column":20},"end":{"line":58,"column":45}},"14":{"start":{"line":59,"column":4},"end":{"line":59,"column":26}},"15":{"start":{"line":61,"column":4},"end":{"line":61,"column":50}},"16":{"start":{"line":62,"column":4},"end":{"line":62,"column":38}},"17":{"start":{"line":64,"column":4},"end":{"line":64,"column":59}},"18":{"start":{"line":65,"column":4},"end":{"line":65,"column":56}},"19":{"start":{"line":69,"column":0},"end":{"line":69,"column":24}}},"fnMap":{"0":{"name":"(anonymous_0)","decl":{"start":{"line":17,"column":24},"end":{"line":17,"column":25}},"loc":{"start":{"line":17,"column":44},"end":{"line":52,"column":1}},"line":17},"1":{"name":"(anonymous_1)","decl":{"start":{"line":55,"column":34},"end":{"line":55,"column":35}},"loc":{"start":{"line":55,"column":54},"end":{"line":67,"column":1}},"line":55}},"branchMap":{},"s":{"0":1,"1":1,"2":1,"3":1,"4":1,"5":4,"6":4,"7":3,"8":3,"9":1,"10":1,"11":1,"12":2,"13":2,"14":1,"15":1,"16":1,"17":1,"18":1,"19":1},"f":{"0":4,"1":2},"b":{},"_coverageSchema":"1a1c01bbd47fc00a2c39e90264f33305004495a9","hash":"66eb6a4c0964636c8bb775d0f57a27aa16eb8f47"}
,"/project/workspace/backend/src/services/protocolHealthService.js": {"path":"/project/workspace/backend/src/services/protocolHealthService.js","statementMap":{"0":{"start":{"line":12,"column":17},"end":{"line":12,"column":30}},"1":{"start":{"line":13,"column":14},"end":{"line":13,"column":45}},"2":{"start":{"line":15,"column":18},"end":{"line":15,"column":35}},"3":{"start":{"line":16,"column":26},"end":{"line":16,"column":28}},"4":{"start":{"line":18,"column":11},"end":{"line":20,"column":2}},"5":{"start":{"line":29,"column":12},"end":{"line":29,"column":47}},"6":{"start":{"line":30,"column":18},"end":{"line":30,"column":39}},"7":{"start":{"line":31,"column":19},"end":{"line":31,"column":30}},"8":{"start":{"line":32,"column":2},"end":{"line":32,"column":34}},"9":{"start":{"line":40,"column":72},"end":{"line":70,"column":4}},"10":{"start":{"line":72,"column":21},"end":{"line":72,"column":58}},"11":{"start":{"line":73,"column":24},"end":{"line":73,"column":74}},"12":{"start":{"line":74,"column":27},"end":{"line":74,"column":74}},"13":{"start":{"line":75,"column":29},"end":{"line":75,"column":79}},"14":{"start":{"line":76,"column":29},"end":{"line":76,"column":79}},"15":{"start":{"line":81,"column":4},"end":{"line":81,"column":90}},"16":{"start":{"line":83,"column":2},"end":{"line":95,"column":4}},"17":{"start":{"line":103,"column":17},"end":{"line":103,"column":43}},"18":{"start":{"line":104,"column":2},"end":{"line":106,"column":3}},"19":{"start":{"line":105,"column":4},"end":{"line":105,"column":51}},"20":{"start":{"line":108,"column":18},"end":{"line":108,"column":44}},"21":{"start":{"line":109,"column":2},"end":{"line":109,"column":81}},"22":{"start":{"line":110,"column":2},"end":{"line":110,"column":39}},"23":{"start":{"line":113,"column":0},"end":{"line":113,"column":55}}},"fnMap":{"0":{"name":"stroopsToFixed","decl":{"start":{"line":28,"column":9},"end":{"line":28,"column":23}},"loc":{"start":{"line":28,"column":33},"end":{"line":33,"column":1}},"line":28},"1":{"name":"fetchMetricsFromDB","decl":{"start":{"line":39,"column":15},"end":{"line":39,"column":33}},"loc":{"start":{"line":39,"column":36},"end":{"line":96,"column":1}},"line":39},"2":{"name":"getProtocolHealth","decl":{"start":{"line":102,"column":15},"end":{"line":102,"column":32}},"loc":{"start":{"line":102,"column":35},"end":{"line":111,"column":1}},"line":102}},"branchMap":{"0":{"loc":{"start":{"line":30,"column":18},"end":{"line":30,"column":39}},"type":"binary-expr","locations":[{"start":{"line":30,"column":18},"end":{"line":30,"column":32}},{"start":{"line":30,"column":36},"end":{"line":30,"column":39}}],"line":30},"1":{"loc":{"start":{"line":81,"column":4},"end":{"line":81,"column":90}},"type":"cond-expr","locations":[{"start":{"line":81,"column":30},"end":{"line":81,"column":85}},{"start":{"line":81,"column":88},"end":{"line":81,"column":90}}],"line":81},"2":{"loc":{"start":{"line":104,"column":2},"end":{"line":106,"column":3}},"type":"if","locations":[{"start":{"line":104,"column":2},"end":{"line":106,"column":3}},{"start":{},"end":{}}],"line":104}},"s":{"0":1,"1":1,"2":1,"3":1,"4":1,"5":41,"6":41,"7":41,"8":41,"9":12,"10":9,"11":9,"12":9,"13":9,"14":9,"15":9,"16":9,"17":13,"18":13,"19":1,"20":12,"21":9,"22":9,"23":1},"f":{"0":41,"1":12,"2":13},"b":{"0":[41,0],"1":[8,1],"2":[1,12]},"_coverageSchema":"1a1c01bbd47fc00a2c39e90264f33305004495a9","hash":"a2d5fa90ae18a4b33c5e617a7b5efd734b2d9833"}
}
