TN:
SF:backend/src/routes/health/protocolHealth.js
FN:17,(anonymous_0)
FN:55,(anonymous_1)
FNF:2
FNH:2
FNDA:4,(anonymous_0)
FNDA:2,(anonymous_1)
DA:10,1
DA:11,1
DA:13,1
DA:14,1
DA:17,1
DA:18,4
DA:19,4
DA:22,3
DA:24,3
DA:46,1
DA:47,1
DA:55,1
DA:56,2
DA:58,2
DA:59,1
DA:61,1
DA:62,1
DA:64,1
DA:65,1
DA:69,1
LF:20
LH:20
BRF:0
BRH:0
end_of_record
TN:
SF:backend/src/services/protocolHealthService.js
FN:28,stroopsToFixed
FN:39,fetchMetricsFromDB
FN:102,getProtocolHealth
FNF:3
FNH:3
FNDA:41,stroopsToFixed
FNDA:12,fetchMetricsFromDB
FNDA:13,getProtocolHealth
DA:12,1
DA:13,1
DA:15,1
DA:16,1
DA:18,1
DA:29,41
DA:30,41
DA:31,41
DA:32,41
DA:40,12
DA:72,9
DA:73,9
DA:74,9
DA:75,9
DA:76,9
DA:81,9
DA:83,9
DA:103,13
DA:104,13
DA:105,1
DA:108,12
DA:109,9
DA:110,9
DA:113,1
LF:24
LH:24
BRDA:30,0,0,41
BRDA:30,0,1,0
BRDA:81,1,0,8
BRDA:81,1,1,1
BRDA:104,2,0,1
BRDA:104,2,1,12
BRF:6
BRH:5
end_of_record
